honeycomb tripe,slice bacon,onion,celery,leek,bunch parsley,bell pepper,quart beef stock,thyme,marjoram,ground clove,pepper flake,bay leaf,ground pepper,potato,carrot,margarine,flour
beef soup bone,onion,slice ginger,salt,pod star anise,fish sauce,quart water,rice noodle,beef sirloin,cilantro,bean sprout,bunch basil,lime,hoisin sauce,chile-garlic sauce sriracha
flour,salt,water,yeast,pinch sugar,nbsp,pizza sauce,slice mozzarella cheese,basil,oil,sea salt taste
potatoe,carrot,onion,clove garlic,leaf parsley,dill,lemon juice,oil,flour,bread crumb,salt pepper taste
bunche spinach,bunch fenugreek,canola oil,paneer,cumin seed,onion,ginger,clove garlic,tomato,garam masala,ground turmeric,cayenne pepper,cream,salt taste
vegetable oil,pod cardamom,clove,cinnamon,medium onion,garlic,ginger,boneless chicken breast,chili powder taste,medium tomatoe,yogurt,water,lemon juice,rice,butter,salt taste,bunch mint,bunch cilantro
canola oil,onion,bell pepper,ketchup,oyster sauce,soy sauce,chicken broth,sugar,garlic chile paste,zucchini,squash,broccol,mushroom,cashew nut
medium shrimp,coconut milk,water,inch piece galangal,stalk lemon grass,kaffir lime,shiitake mushroom,lime juice,fish sauce,sugar,powder,onion,pepper flake
egg,sauce,sugar,vinegar,pinch ground clove,quart mayonnaise,pickle relish,olive,bell pepper
bean,water,andouille sausage,onion,bell pepper,pepper,clove garlic,ground pepper,basil,ham hock,rice
butter,oil,clove garlic,leek,onion,potatoe,carrot,herb chicken broth,water,bay leaf,ground pepper taste,parsley,flour
apple,almond,cranberrie,cherrie,vanilla yogurt
graham cracker crumb,pecan,sugar,ground cinnamon,butter,nbsp,cream cheese,egg,vanilla,apple
boneless pork chop,ground pepper,apple cider juice,cranberry sauce,honey,juice,ground ginger,ground nutmeg
butter,sugar,egg,vanilla,flour,salt,powder,pumpkin pie spice,oat,walnut,cranberrie
extra-virgin oil,onion,clove garlic,milliliter bottle wine chenin,lentil,fluid chicken stock,parsley,garlic powder,salt ground pepper taste
evans potatoe,evans,butternut acorn squash,zucchini,oil,kalamata olive,caper,basil parsley,parmesan cheese
sugar,flour,soda,powder,salt,ground cinnamon,ground nutmeg,ground ginger,butter,egg,milk,cranberrie,fig,hazelnut
vegetable oil,pork chop,celery,apple juice water,spicy-brown mustard,honey,dash ground pepper,medium egg noodle
boneless pork loin,garlic powder,salt pepper taste,oil,wine,butternut squash,onion,applesauce,mustard,soy sauce,sugar,ground cinnamon
salt,flour,boneless beef chuck roast,clove garlic,butter,onion,peppercorn,allspice berrie,horseradish,bay leaf,rum,water
flour,sugar,powder,ground cinnamon,ground allspice,pumpkin puree,milk,egg,vanilla,butter
carrot,pecan,raisins,pear halve,date,cream cheese,head leaf lettuce
butter,ham steak,apple,maple pancake syrup,ground cinnamon
buttercup squash,butter,sugar,salt,dash pepper,apple,cornflake,pecan
quart chicken broth,orzo pasta,egg,lemon,water,salt pepper taste
coconut,coriander seed,cumin seed,split gram chana,chile pepper,yogurt,water,pinch salt,bean,potatoe,plantain,carrot,oil,mustard seed,seed,sprig
bacon,medium onion,stalk celery,quart chicken stock,avocado,wine,lime,cream,salt pepper taste
firm avocado,onion,cilantro,roma plum tomatoe,shoepeg corn,pea,wine vinegar,oil,ground cumin,garlic,salt pepper taste
sugar,paprika,salt,mustard powder,apple cider vinegar,clove garlic,sauce,pinch cayenne pepper,vegetable oil,nbsp,baby arugula,cantaloupe,avocado,almond
avocado,shallot,chicken broth,tomato paste,pepper sauce tabasco,lime juice,tequila,cilantro,salt pepper taste,cream
edamame soybean,onion,cilantro,oil,nbsp,avocado,lemon,chile-garlic sauce sriracha,salt pepper taste
avocado,peach,onion,lime juice,salt ground pepper taste
butter,lobster meat,seafood,tomato,avocado,iceberg lettuce,feta
slice bread,navel,avocado,alfalfa sprout,balsamic vinaigrette
tomatoe,avocado,onion,ground pepper,bottle balsamic vinaigrette salad
tuna water,mayonnaise,onion,bell pepper,dash balsamic vinegar,pepper taste,pinch garlic salt,avocado
avocado,milk,milk powder,sugar,ice
avocado,egg,lemon-flavor yogurt,cheese,corn mix,fajita
chicken broth,soy sauce,cornstarch,clove garlic,nbsp,vegetable oil,snow pea,cremini mushroom,bunche onion,firm avocado
romaine lettuce,salad,kernel corn,avocado,tomatoe,pine nut
avocado,tomatoe,olive,chile,lemon,salt pepper taste
avocado,milk,sugar,vanilla
avocado,mayonnaise,cream,taco mix,bean,cheddar cheese,lettuce,tomato,onion,bell pepper,olive
avocado,cream,salsa,ground cumin,garlic powder,salt,dash ground pepper
avocado,cream,cheese,cottage cheese,lemon juice,sauce,onion salt,garlic powder,salt pepper taste
egg,avocado,onion,pickle,mustard,mayonnaise,salt pepper taste
avocado,lemon juice,egg,onion,light mayonnaise,milk,paprika
ice,avocado,maple syrup,milk,vanilla whey protein powder
plum tomatoe,avocado,onion,clove garlic,parsley,oregano,oil,wine vinegar,feta cheese
avocado,zest,ground ginger,salt,pinch ground pepper,milk
tomato-vegetable juice cocktail,vegetable broth,tomatoe,avocado,cucumber,tomatoe juice,bell pepper,extra-virgin oil,onion,lemon,cilantro,wine vinegar,dash pepper sauce tabasco,salt ground pepper taste
avocado,mayonnaise,anchovy filet,onion,lemon juice,clove garlic,salt pepper taste
water,sugar,avocado,milk,lime juice
avocado,lime juice,confectioner sugar,vanilla
avocado,butter,cream liqueur,cocoa powder,confectioner sugar,semisweet chocolate chip,chocolate chip
cream,sugar,avocado,cream cheese,lime juice,inch graham cracker crust
avocado pulp,milk,lime zest,lime juice,egg yolk,pinch salt,recipe pastry inch crust pie
avocado,lime,mango,onion,habanero pepper,cilantro,salt taste
pasta,tomatoe,apple,carrot,celery,pea,bell pepper,olive,onion,nbsp,avocado,oil,lime,dill,salt,ground pepper,garlic powder,parmesan cheese,sprigs parsley
inch graham cracker crust,avocado,lemon juice,milk
avocado,milk,lemon juice,inch pie shell
cucumber,onion,serrano pepper,lime juice,salt,pineapple,avocado
flour,soda,powder,salt,ground cinnamon,ground allspice,butter,sugar,egg,avocado,buttermilk,pecan,raisins,zest
avocado,mayonnaise,cream,buttermilk,vinegar,salt,parsley,pinch dill,onion powder,pinch garlic powder
avocado,onion,bell pepper,tomato,cilantro,lime,salt pepper taste
slice bacon,avocado,onion,cream,lemon juice,salt taste,leaf lettuce
sugar,water,wine,juice,wasabi paste,tomatoe,onion,cilantro,lime,avocado,salt pepper taste,sauce taste,salad green
corn kernel,olive,bell pepper,onion,clove garlic,oil,lemon juice,cider vinegar,oregano,salt,ground pepper,avocado
avocado,lactaid milk,vanilla,honey
avocado,chicken broth,milk,lemon juice,onion,shrimp,salt,ground pepper
shrimp,lime juice,roma plum tomatoe,onion,cilantro,sauce,ketchup,pepper sauce,salt pepper taste,avocado,saltine cracker
spaghett,avocado,lime juice,chili,onion,tomatoe,garlic,cilantro
avocado,milk,vanilla yogurt,honey,ice cube
avocado,shallots,oil,chicken stock,cream,salt pepper taste,ground nutmeg,tomato
inch corn tortilla,oil,onion,clove garlic,pepper,quart chicken broth,lime juice,tomato,salt pepper taste,avocado,cilantro
water,long-grain rice,bean,salt taste,garlic powder taste,oil,onion,beef steak,avocado
yam,medium bell pepper,avocado,cilantro,oil,onion,ground cumin,lime juice,salt ground pepper taste,cheddar cheese
avocado,onion,garlic salt,inch corn tortilla,bunch cilantro,pepper sauce
avocado,clove garlic,lemon,cream,cucumber,pepper flake,cilantro,mint,salt pepper taste
avocado,watermelon,spinach,balsamic vinaigrette salad
goat cheese,basil,inch slice bread,nbsp,mustard,balsamic vinegar,salt pepper taste,oil,beet,salad green arugula,avocado,hazelnut
mango,avocado,medium tomatoe,pepper,cilantro,clove garlic,salt,lime juice,onion,oil
egg,slice bacon,avocado,lime juice,mustard powder,paprika,light salad light,tomato,onion,salt cayenne pepper taste
monte pea,medium avocado,medium chili pepper,medium lime,medium garlic clove,basil pesto,wedge
shrimp,avocado,bunch onion top,tomatoe,tomato,bell pepper color,bunch cilantro,lime juice,salt ground pepper taste
mango,bell pepper,onion,sugar,oil,wine vinegar,avocado,salt
avocado,tomatoe,onion,salad shrimp,pinch salt pepper taste,lime juice
sugar,maple syrup,peach yogurt,banana,butter,egg,steel oat,flour,wheat flour,powder,soda,ground cinnamon,salt,peach,nbsp,pecan,pinch ground cinnamon
tomatoe,tomato paste,carrot,onion,stalk celery,wine,pinch pepper flake,bell pepper,steak sauce,slice bacon,ground beef,chili mix,ground cumin,kidney bean,cilantro,parsley
vegetable oil,bell pepper,onion,ground beef,beef bouillon cube,wine,tomatoe,garlic clove,tomato paste,paprika,chili powder,cayenne pepper,basil,oregano,parsley,pepper,salt,pepper sauce tabasco,kidney bean,flour,corn,water
flour,salt,powder,non-instant vanilla mix,butter,egg,milk,peache,cream cheese,sugar,nbsp,ground cinnamon
flour,soda,butter,sugar,instant vanilla mix,egg,vanilla,semisweet chocolate chip,walnut
chicken broth,cream,linguine pasta,slice bacon,chicken,pea,parmesan cheese
butter,egg,corn bread mix,kernel corn,corn,cream
fluid apple schnapps,fluid vodka,fluid apple juice
rice flour,steel oat,flax,soda,ground cinnamon,ground nutmeg,arrowroot powder,yogurt,egg,butter,apple,cranberry juice
bunch asparagus,bell pepper,oil,hoagie roll,cheese,tomato,mayonnaise,lemon juice,garlic
sea scallop,butter,clove garlic,shallots,pinche ground nutmeg,salt pepper taste,bread crumb,oil,parsley,lemon wedge garnish
buttermilk,egg,flour,powder,salt,banana
butter,onion,clove garlic,horseradish,ground beef,tomatoe,water,potatoe,vegetable,carrot,corn,granule butter buds,dill,pepper sauce,ground cinnamon,parmesan cheese taste,salt ground pepper taste
milk,vinegar,flour,wheat flour,sugar,powder,salt,egg,canola oil,blueberrie
bow tie pasta,onion,feta cheese,balsamic vinegar,oil,tomato
broccol,kernel corn,onion,cream,cream broccol soup,cheddar cheese,bread mix,butter
oil,tomatoe balsamic vinegar,broccol floret,clove garlic,salt pepper taste
cream mushroom soup,mayonnaise,egg,onion,broccol,cheddar cheese,salt taste,ground pepper taste,pinche paprika
cream mushroom soup,mayonnaise,egg,onion,broccol,cheddar cheese,salt pepper taste,dash paprika
carrot,flour,sugar,soda,powder,salt,ground cinnamon,egg,vegetable oil,vanilla,pineapple juice,pecan,nbsp,confectioner sugar,neufchatel cheese,butter
raisins,water,flour,powder,soda,salt,ground cinnamon,egg,vegetable oil,sugar,carrot
medium onion,medium bell pepper,water chestnut,oil,chicken,salt pepper taste,salt taste,rice,jar pimento
gallon water,chicken,onion,bay,peppercorn,bunch celery,carrot,lemon grass,nbsp,chicken bouillon powder,egg noodle
butter,flour,tm,sauce,chicken broth,wine,half-and-half cream,country style gravy mix,crabmeat,salt,ground pepper
cabbage,carrot,bean sprout,celery,onion,shrimp,soy sauce,garlic powder,pepper taste,egg,cornstarch,egg roll wrapper,vegetable oil
egg,light mayonnaise,cream,paprika,mustard,horseradish,onion,bacon bit,salt pepper taste
egg,garlic powder,parmesan cheese,salt pepper taste,flour,vegetable oil,eggplant,ricotta cheese,mozzarella cheese,parsley,spinach,jar tomato pasta sauce
chicken,quart buttermilk,salt,flour,salad mix,poultry,ground pepper,oil
oil,onion,clove garlic,link pork sausage,water,bean,salt taste
extra-virgin oil,bulk pork sausage,chicken broth,mustard green,bean,tomatoe,ground pepper,salt,parmesan cheese
slice bread,butter,slice cheddar cheese
maple syrup,garlic,ground ginger,ground pepper,pepper flake
ziti pasta,ham,bell pepper,onion,pickle,tomatoe,mayonnaise,cream,beef bouillon granule,vinegar,salt,ground pepper,clove garlic
boneless pork loin,flour,salt pepper taste,butter,honey,pecan
turkey breast,genoa salam,provolone cheese,onion,mayonnaise,pepperoncini pepper,zesty vinaigrette salad,pepper,roma tomatoe,keebler flipsides cracker keebler flipsides cheddar cracker
cube chicken bouillon,quart water,macaron,ham,egg,half-and-half,salt,ground pepper,cheddar cheese
fillet chuck eye steak,soy sauce,sugar,sesame seed,sesame oil,shallots,clove garlic,mirin wine
ground beef,tomato paste,salt,mozzarella cheese,parmesan cheese,cottage cheese,milk,egg,biscuit mix
fusilli pasta,tomatoe,provolone cheese,salam,pepperon,bell pepper,olive,jar pimento,bottle salad
garbanzo bean,tahini sesame paste,lemon,clove garlic,salt,bell pepper
boneless beef chuck roast,flour,canola oil,water,wine,basil,marjoram,thyme,salt,ground pepper,onion,potatoe,carrot,pearl onion
rhubarb,strawberrie,sugar,nbsp,flour,powder,soda,pinch salt,butter,egg,almond,cream
butter,carrot,stalk celery,bell pepper,onion,clove garlic,rice,corn,pea,chicken broth,soy sauce,sauce,lemon pepper,parsley,pinche thyme,pinch saffron,salt ground pepper taste
rump roast,cream mushroom soup,beef broth
wheat bread,bread,ground turkey sausage,onion,celery,sage,rosemary,thyme,apple,cranberrie,parsley,turkey liver,turkey stock,butter
cream mushroom soup,onion soup mix,water,pot roast
beef bouillon granule,water,clove garlic,cayenne pepper,salt,pepper,beef sirloin,skewers,vegetable oil
steak sauce,soy sauce,salad,honey,garlic powder
balsamic vinegar,mustard,garlic,salt,ground pepper,oil,-inch cube watermelon,feta cheese,onion,ground pepper taste
pineapple,bag coconut,potatoe,sugar,egg,vanilla,milk,butter,nbsp,flour,pecan
butter,canola oil,tangerine juice,turkey,sausage,salt pepper taste,turkey stock,flour
neck,water,celery,carrot,onion,tangerine,bay leaf,peppercorn
slice wheat bread,mayonnaise,dijon-style mustard,slice turkey breast,guacamole,salad green,bean sprout,avocado,colby-monterey cheese,slice tomato
biscuit mix,yogurt
bunch asparagus,oil,sesame seed,salt taste
mayonnaise,sugar,milk,lemon juice,vinegar,salt pepper taste,cabbage,carrot,onion
avocado,wine vinegar,bean,mexican-style corn,tomatoe,onion,oil,salad mix
inch corn tortilla,vegetable oil,chicken broth,cilantro,tomatoe,onion,chipotle pepper adobo sauce,salt,avocado
adzuki bean,sugar,lemon juice,water,nbsp,milk,cream,egg yolk,vanilla
strawberrie,milk,yogurt,sugar,vanilla,cube ice
buttermilk,wheat bran,egg,sugar,canola oil,banana,vanilla,wheat flour,oat bran,soda,powder,walnut,blueberrie
slice bacon,inch flour tortilla,ranch-style salad,avocado,tomato,lettuce
bacon,mayonnaise,wine vinegar,basil,slice bread,salt,ground pepper,canola oil,romaine lettuce,pint tomatoe
fluid jigger cream liqueur,fluid jigger coffee liqueur
kahlua coffee liqueur,liqueur marnier,cream liqueur
fluid liqueur kahlua,fluid cream liqueur,fluid sec
eggplant,lemon juice,tahini,sesame seed,clove garlic,salt pepper taste,oil
potatoe,egg,cream cheese,milk,flour,cottage cheese,salt taste,butter,oil
peanut butter,corn syrup,sugar,cornflake,semisweet chocolate chip,peanut
margarine,milk,yeast,water,egg,egg yolk,sugar,salt,vanilla,liqueur,zest,lemon zest,flour,currant,raisins,almond,ground cinnamon
milk,flour,yeast,sugar,water,egg,egg yolk,butter,vanilla,lemon zest,raisins
ground beef,clove garlic,chipotle pepper adobo sauce,ground cumin,chili powder,cream cheese,bell pepper,lime juice,tomato,olive,cheddar cheese,iceberg lettuce,onion,jar taco sauce,avocado,lime,cream,cilantro
spray,lasagna noodle,oil,ground turkey,mushroom,salt,ground pepper,spinach,clove garlic,jar marinara sauce,mozzarella cheese,ricotta cheese,parmesan cheese
pork baby rib,bottle barbecue sauce
baby beet,mandarin orange,onion,apple cider vinegar,juice
carton cottage cheese,peache,sugar,ground nutmeg,salt,almond,nbsp,cream,flour,powder,milk,egg,butter,vanilla
bacon,mayonnaise,onion,parsley,tomatoe
liter bottle beverage,fluid bottle cranberry juice,vanilla ice cream,sugar
butter,garlic,chicken broth,head baby bok choy,salt taste,ground pepper taste
ground beef,salt pepper taste,pinch mesquite,romaine lettuce,tomatoe,ketchup,mustard
sugar,ground cinnamon,vegetable oil,soda,egg,salt,vanilla,flour,baby food carrot,carrot,raisins,walnut,cream cheese,butter,confectioner sugar
baby carrot,sprout,chicken broth,butter,sugar,ground pepper
baby carrot,sprout,chicken broth,butter,sugar,ground pepper
baby carrot,margarine,dill,lemon juice,salt,ground pepper
quart milk,chicken bouillon powder,sauce,pepper sauce,salt,cornstarch,water,fluid beer,jar cheese sauce
cake mix,sugar,vegetable oil,egg,jar apricot baby food,jar plum baby food,walnut
egg,sugar,vegetable oil,flour,soda,salt,jar applesauce baby food,jar carrot baby food,jar apricot baby food
sugar,egg,vegetable oil,jar plum baby food,flour,powder,ground cinnamon,ground clove,walnut,applesauce
inch wheat tortilla,baby salad green,tomatoe,goat cheese,pepper,mozzarella cheese,balsamic vinegar taste,oil taste
slice bacon,oil,wine vinegar,sugar,salt,clove garlic,gorgonzola cheese,baby green,almond
fluid coffee liqueur,fluid cream liqueur
cream,neufchatel cheese,sugar,raspberries
egg,baby spinach,parmesan cheese,onion powder,ground nutmeg,salt pepper taste
baby zucchini,onion,bell pepper,basil,oil,balsamic vinegar,salt pepper taste
cod fish,potatoe,onion,egg,caper,clove garlic,olive,jar bell pepper,raisins,bay leaf,tomato sauce,oil,water,wine
slice bread,slice cheese
cream potato soup,water,pumpkin puree,butter,cream,salt,ground pepper,garlic powder,ginger,pinch paprika,crouton
oil,clove garlic,onion,pepper,bean chilie,tomatoe chilie,jar nacho cheese dip
ground beef,onion,potatoe,salt ground pepper taste,carrot,kernel corn,bean,slice bacon
beef chuck,bread crumb,salt,ground pepper,onion,carrot,stalk celery,basil,tapioca,mushroom,soy sauce,tomato soup,beef broth
ground beef,ketchup,mustard,farm farmhouse seed
tomatoe,zucchini,squash,eggplant,onion,salt,pinch garlic powder,pinch ground pepper,tomato paste,extra-virgin oil
evans recipe,ground beef,sauce,parmesan cheese,ground pepper,hamburger bun,lettuce,tomato slice,onion slice
ground beef chuck,egg,sauce,oil,parmesan cheese,garlic powder,salt,ground pepper,onion powder
pork,sugar,mixture morton tender quick,gallon water,bag briquette,hickory apple wood chip
spaghett,slice bacon,onion,egg,cheese food eg
bacon,sugar pea,balsamic vinegar,turbinado sugar,salt pepper taste
slice bacon,onion,salt,water,mustard,sprout,cider vinegar,gorgonzola cheese
thick-cut bacon,butter,onion,celery stalk,clove garlic,rosemary,loaf pumpernickel bread,loaf rye bread,egg,thyme,sage,quart chicken stock,quality bourbon whiskey
water,envelope yeast,sugar,salt,oil,flour,bacon slice,onion,port wine,cheddar cheese,butter margarine
slice bacon,crimini mushroom,butter,onion,cheddar cheese
farm mini puff pastry shell,cheddar cheese,mayonnaise,medium onion,slice bacon,pepper
water,instant rice minute,vegetable oil,slice bacon,onion,soy sauce
date,almond,bacon
pie crust mix,canadian-style bacon,cheddar cheese,egg,milk,ground nutmeg,ground pepper
egg,salt,pepper,onion,bacon,ketchup,baby spinach,cheddar cheese,pocket pita
slice bacon,egg,iceberg lettuce,bell pepper,onion,cucumber,stalk celery,broccol floret,mayonnaise
slice bacon,feta,tomatoe,basil
crisco no-stick spray,nbsp,bun,white cornbread,white flour,milk,cream,egg,chive,slice bacon,gorgonzola cheese,burger,butter,medium onion,ground chuck,bread crumb,clove garlic,salt,pepper,slice oz cheddar cheese,chipotle,mayonnaise,chipotle pepper adobo sauce,adobo sauce chipotle pepper
bacon,elbow macaron,nbsp,mayonnaise,cream,mustard,sugar,cider vinegar,salt,ground pepper,tomatoe,cucumber,egg,celery,olive
spaghett,bacon,onion vidalia,mushroom,tomato sauce
bacon,onion,penne pasta,oil,parmesan cheese
slice bacon,oil,onion,carrot,celery,potatoe,cayenne pepper,cheddar cheese,salt
ground beef,sauce,mustard,ground pepper,slice bacon,roquefort cheese,thyme,hamburger bun,tomato,onion,lettuce
inch pie crust,bacon,egg,milk,mustard,ground nutmeg,flour,cheese
nonstick spray,broiler-fryer chicken piece,paste,water,wine vinegar,basil,oregano,egg noodle,slice bacon,parsley
slice bacon,tomato,onion,cheese,mayonnaise,basil,buttermilk biscuit dough
slice oscar mayer,parmesan,onion,parsley,milk,crescent dinner roll
slice bacon,pizza crust,mozzarella cheese,asparagus,grape tomatoe,log chevre goat cheese,pepper flake,ground pepper taste
slice bacon,bean,onion,mustard,ketchup,sugar,apple
iron steak,sauce,salt,pepper,bacon,head iceberg lettuce,head leaf lettuce,bag baby salad green,cheese salad,cheese,cheddar cheese
ground beef,bourbon four roses,sauce,sugar,steak seasoning,garlic salt,slice bacon,slice cheddar cheese,hamburger bun,tomato slice,lettuce
slice bacon,sugar,cake mix,maple,maple syrup
wheat flour,sugar,soda,bacon bit,butter,egg,corn flake,cheddar cheese
bacon,head broccol,raisins,sunflower seed,onion,mayonnaise,sugar,sucralose sweetener splenda,wine vinegar
bacon,honey,butter,sugar,vanilla,egg,flour,cocoa powder,salt,chocolate chip
slice bacon,flour,sugar,powder,salt,garlic powder,chive,parmesan cheese,cheddar cheese,egg,milk,vegetable oil,cream mushroom soup
slice bacon,flour,sugar,powder,salt,garlic powder,chive,parmesan cheese,cheddar cheese,egg,milk,cream mushroom soup,vegetable oil
egg,mayonnaise,slice bacon,cheddar cheese,mustard
cheddar cheese,pepper,slice bacon
slice bacon,potatoe,egg,onion powder,salt,ground pepper,cheddar cheese
slice bacon,egg,milk,butter,salt,ground pepper,onion,cheddar cheese
bacon,flour,cheddar cheese,powder,garlic salt,ground pepper,egg,milk,vegetable oil
bacon,cheddar cheese,mustard,mayonnaise,pumpernickel party bread
cream cheese,jar bacon bit,pinch ground pepper,onion,crescent roll dough
cake mix,brownie mix,fluid vanilla,food,vanilla wafer cookie,roll fruit leather,caramel,chewy candy square,chocolate,sesame seed
slice bacon,ketchup,mustard,ground beef chuck,cheddar cheese,egg,bread crumb,mayonnaise,sauce,salt,ground pepper,onion
slice bacon,ground beef,onion,bell pepper,pizza sauce,roma plum tomatoe,cheddar cheese,egg,milk,vegetable oil,flour,salt
bacon,ground beef chuck,onion,steak sauce,salt pepper taste,cheese slice
bacon,water chestnut
slice bacon,potatoe,onion,chicken broth,poultry,salt pepper taste,kernel corn,half-and-half,biscuit mix,milk
slice bacon,cream celery soup,milk
bottle honey barbecue sauce,bacon
bacon,chicken liver,honey
potato,turnip,butter,milk,strip bacon,pinch ground nutmeg,salt ground pepper taste
round cracker,bacon,sugar
egg,slice bacon,ranch
egg,slice bacon,salad whip,onion,mustard,honey mustard,chive,lemon juice,dill,salt,roll
slice bacon,flour,pinch salt,powder,parsley,ground pepper taste,egg,milk,quart vegetable broth
slice bacon,bean,garlic,feta cheese,onion powder,ground pepper,water
bacon
bacon,banana
slice bacon,gouda cheese,parsley,mustard,nbsp,ground beef,bread crumb,egg,clove garlic,garlic powder,salt ground pepper taste,hamburger bun
slice bacon,milk,flour,salt pepper taste
ground beef,fl oz,water,horseradish,slice cheddar cheese,farm bun seed
slice bacon,horseradish,pint cream,mayonnaise,lemon,parsley
slice bacon,poultry,slice pepperjack cheese,hamburger bun,lettuce,slice tomato,onion,slice dill pickle
bacon,bacon dripping,onion,sugar,garlic,ground cayenne pepper,ground cinnamon,ground nutmeg,bourbon whiskey,coffee,sherry vinegar,maple syrup,ketchup
butter,bone-in chicken breast halve,salt,clove garlic,slice bacon,mushroom,cream
bacon,onion,button mushroom,extra-lean ground beef,egg,milk,cheese,corn flake crumb
boneless sirloin pork roast,mustard,slice bacon,nbsp,bacon strip,onion,mushroom,mushroom cap
bacon,butter,sugar,egg,vanilla,flour,soda,salt,ground cinnamon,oat,nbsp,confectioner sugar,water,maple syrup
slice bread,jar cheese sauce,jar olive,bacon
egg,milk,flour,pepper,slice bacon,onion,oregano,mozza-cheddar,salsa
slice bacon,cheese,onion,milk,egg,mix,ground pepper
bacon grease,popcorn kernel,salt,bacon bit,cheddar cheese
spray,slice maple bacon,apple butter,honey,ground allspice,chili powder,pork tenderloin
slice bacon,potatoe,flour,egg,garlic clove,thyme,salt ground pepper taste,vegetable oil
potatoe,bacon,onion,stalk celery,egg,mayonnaise,milk,cream,vinegar,celery salt,salt,ground pepper
slice bacon,cream cheese,milk,egg,cheese,onion,biscuit dough
slice bacon,cream cheese,buttermilk mix,cheddar cheese,onion,olive,pecan
ranch,chile paste oelek,-inch piece onion,slice bacon,salt pepper taste,inch bamboo skewers
slice bacon,elbow macaron,mayonnaise,onion,bell pepper,ranch salad mix,cheddar cheese
tri-color rotini pasta,slice bacon,mayonnaise,ranch salad mix,garlic powder,garlic pepper,milk,tomato,olive,cheddar cheese
slice bacon,quart water,pea,onion,cheddar cheese
bacon,chicken stock,butter,onion,clove garlic,arborio rice,parmesan cheese,salt pepper taste
butter,chicken,salt pepper taste,thyme,carrot,paprika taste,slice bacon,beef broth
loaf sandwich bread,cream cheese,garlic powder,parsley,bacon
loaf bread,cream cheese,bacon
slice bacon,cream cheese,pita bread round
potatoe,butter,slice bacon,onion,clove garlic,rosemary,milk,salt pepper taste
bacon,spaghett,clove garlic,oil,salt taste,ground pepper taste,parmesan cheese
slice bacon,mushroom,butter,olive,onion,garlic,salt,ground pepper,pinch cayenne pepper,flour,milk,slice cheese,parmesan cheese
slice bacon,ricotta cheese,mozzarella cheese,parmesan cheese,wonton wrapper,nbsp,butter,bacon dripping,cream cheese,milk,garlic powder,ground pepper taste,pasta water
slice bacon,salt,soda,potato,buttermilk,egg
turnip,butter,pinch salt,pinch ground pepper,dash garlic powder,bacon
water chestnut,bacon,mayonnaise,light sugar,chili sauce
shrimp,slice bacon,barbeque
shrimp,slice bacon,barbeque
bratwurst,light beer,sugar,cayenne pepper,slice bacon
mayonnaise,barbeque sauce,sugar
cream cheese,slice bacon,chive,cream chicken soup,mayonnaise,milk,lemon juice,ground pepper,pinch salt
date,cheddar cheese,bacon
bacon,date,cheese
spears asparagus,enoki mushroom,shiitake mushroom,slice bacon
salt,water,duck breast halve,slice bacon,bottle salad,toothpick
bacon,bean,sugar,salt pepper taste
cheddar cheese,parmesan cheese,onion,egg,ketchup,sauce,salt,pepper,ground beef,slice bacon,hamburger bun
dog,slice bacon,sugar
slice bacon,mushroom
potatoe,slice bacon,ranch mix,toothpick
salt ground pepper taste,basil pesto,slice bacon,vegetable oil
bacon,pineapple chunk juice,sugar,mayonnaise,chili sauce
water chestnut,garlic powder,soy sauce,nbsp,slice bacon,pineapple chunk,toothpick,sugar
inch boneless pork chop,process cheese sauce,slice bacon
pork chop,slice bacon,bottle chili sauce,sugar,mustard,pineapple chunk
slice bacon,garlic powder,salt,basil,oregano,pork tenderloin,butter,oil
shrimp,slice bacon
bacon,beef cocktail wiener,sugar
onion,cream cheese,mushroom,bacon
tater tot,bacon,slice cheese
water chestnut,teriyaki sauce,bacon
ketchup,sugar,sauce,bacon,water chestnut
bacon,water chestnut,sugar,mayonnaise,chili sauce
sugar,sauce,ketchup,bacon,water chestnut
slice bacon,asparagus tip,slice bread,slice cheddar cheese
salsa,tomatoe,onion,pepper,cilantro,pepper taste,nbsp,omelet,lime lemon juice,egg,water,crisco all-vegetable,slice bacon,avocado,cheese
pillsbury crescent dinner roll,slice bacon,egg,cheddar cheese,pepper
slice bread,bacon,cheddar cheese,mushroom,egg,half-and-half,mustard
flour,envelope rapidrise yeast,spice islands,salt,clove garlic,water,mazola vegetable,egg,cheese blend cheddar,slice bacon
elbow macaron,mayonnaise,vinegar,celery,tomato,onion,cheddar cheese,salt,ground pepper,bacon
butter,slice bacon,potatoe,fontina cheese,salt pepper taste
bacon strip,egg,milk,water,salt pepper taste,onion,potatoe,butter,corn flour tortilla
egg,slice bacon,mayonnaise,onion,sugar,balsamic vinegar,celery salt,ground pepper,parsley
slice bacon,slice,oil,chocolate chip
egg,milk,water,salt,bacon,wheat flour
recipe parmesan dough,gram pizza sauce,mozza-cheddar,mushroom,onion,recipe
chicken thigh,chicken drumstick,slice center-cut bacon,salt pepper taste,onion,baby potatoe,nbsp,chive,basil,garlic powder,adobo,ground pepper,salt
slice bacon,flour,wheat flour,parmesan cheese,parsley,rosemary,basil,sugar,powder,soda,salt,milk,egg,butter,mustard,nbsp,cream,onion
extra-virgin oil,garlic,bag spinach,ricotta cheese,parmesan cheese,garlic salt,onion powder,salt pepper taste,slice bacon
el loin backstrap,smoke,sauce,garlic powder,onion powder,pepper,slice bacon
slice bacon,halibut steak,ground pepper taste,toothpick
pepper,peanut butter,slice bacon
pineapple chunk,jar sweet-and-sour sauce,bacon,box toothpick
skin-on salmon fillet,garlic powder,dill,salt pepper taste,bacon
milk,stove sodium,ground turkey,onion,egg,mustard,cheddar,slice bacon
slice bacon,baby bok choy,oil,onion,pepper flake,garlic,salt taste
fluid jigger amaretto liqueur,fluid champagne
potatoe,oil,butter,parmesan cheese,basil,oregano,thyme,rosemary,garlic powder,pepper flake,salt,pepper,parsley
salad,sauce,applesauce,pepper sauce,lime,bone-in pork chop
potatoe,flour,egg,parsley,salt,ground nutmeg,lard
bacon,onion,bagel,cheddar cheese,egg,milk,parsley,pepper,parmesan cheese
cream cheese chive,cheese food
milk,water,egg,bread flour,sugar,salt,yeast
cream,mayonnaise,monosodium glutamate msg,dill,parsley,onion,beef
flour,sugar,salt,yeast,water,margarine
water,yeast,sugar,vegetable oil,bread flour,salt,poppy seed
vegetable oil,garlic,anchovy fillet oil,sardine oil,butter
butter,clove garlic,anchovy fillet,pint cream
fluid rum,fluid banana liqueur,fluid apricot liqueur,fluid coconut rum,fluid grenadine syrup,honey,fluid lemon juice,fluid juice,fluid pineapple juice,tray ice cube
fluid rum,fluid grenadine syrup,fluid juice,fluid pineapple juice,ice
pineapple chunk,cornstarch,chili sauce,raisins,sugar,ground cinnamon,pork chop,vegetable oil
mahi mahi fillet,rum,lime juice,onion,lemon,oregano,butter,ground pepper taste
butter,bacon,onion,celery,tomato,tomato paste,ketchup,salt pepper taste,pigeon pea,water,long-grain rice,sprig thyme
banana,fluid banana liqueur,fluid cream liqueur,fluid coconut cream,ice
brownie mix hines,cream liqueur baileys,vegetable oil,egg,butter,confectioner sugar
butter,sugar,egg yolk,cream,vanilla,almond,flour,powder,salt,cream liqueur baileys
coffee,pint vanilla ice cream,fluid cream liqueur
egg,paprika,mustard,salt pepper taste,matzo,oil
eggplant,vegetable oil,cumin seed,medium onion,ginger garlic paste,powder,tomato,yogurt,chile pepper,salt,bunch cilantro
kidney bean,garbanzo bean,tomatoe,cucumber,onion,guacamole,yogurt,salt,milk,lettuce,corn tortilla chip
tilapia fillet,lime juice,taco bell originals,mayonnaise,cilantro,coleslaw blend cabbage slaw mix,inch corn tortilla,four
bell pepper,pepper,onion,nbsp,mayonnaise,vinegar,garlic powder,cumin
potatoe,oil,cream,pepperjack cheese,mexican-style corn,chile pepper
water,sugar,butter,cracker cookie tea biscuit,cocoa powder,chocolate
tequila,lime juice,water,salt,turbinado sugar,chili powder,nbsp,cod fillet,bean,pepper,mayonnaise,cream,cider vinegar,sugar,coleslaw mix,onion,flour,soda,oil,corn flour tortilla
flour,confectioner sugar,butter margarine,egg,sugar,lemon juice,confectioner sugar decoration
acorn squash,salt pepper taste,butter,sugar,ground cinnamon
marzetti caramel,acorn squash,butter,juice,apple pie spice blend,apple,pecan,bread cube inch
acorn squash,salt taste,butter,apricot
graham cracker crumb,sugar,butter,vanilla ice cream,egg white,salt,almond
quart vanilla ice cream,cake mix,egg,almond,egg white,cream tartar,salt,sugar
fillet tilapia,lemon juice,ground coriander,parsley,roma plum tomato
apple,water,cornstarch,sugar,pinch ground cinnamon
pancake waffle mix,milk,egg,butter,apple,ground cinnamon,pecan,maple syrup
apple,sugar,butter,ground cinnamon
apple,raisins,sugar,mint,butter
chicken thigh,apricot,onion soup mix
chicken,onion,soy sauce,ginger root,garlic,honey
bunch asparagus,spray,salt pepper taste,butter,soy sauce,balsamic vinegar
spray,flour,chili powder,paprika,ground cumin,onion powder,garlic salt,pinch cayenne pepper,nbsp,milk,egg,garlic,avocado piece,inch corn tortilla,cabbage,tomatoe,cheddar cheese,taco sauce,cream
cream cheese,pepper,slice bacon
chicken,garlic powder,barbecue sauce
ancho chile powder,sugar,salt,ground pepper,ground cumin,mustard,ground cayenne pepper,ground chipotle pepper,rack baby pork rib,barbeque sauce
egg,water,milk,salt,pepper,flour,garlic,mesquite mix,oil,butter,bottle barbecue sauce
ground beef,cracker crumb,onion,milk,egg,salt,ketchup,water,sugar,ground nutmeg
muffin,maple bean,medium onion,medium tomatoe,slice cheddar cheese,slice bacon
navy bean,water,ketchup,maple syrup,sugar,molasses,sauce,salt,ground pepper,chili powder,onion
bean pork,sugar,ketchup,sauce
bean pork,sugar,onion,ketchup,mustard,sauce,wine vinegar,salt pepper taste,slice bacon
bacon,onion,bean,sugar,ketchup,mustard
bean,bacon,sugar
bean pork,medium onion,medium bell pepper,link pork sausage,chili powder,sauce,vinegar,sugar,ketchup,garlic powder,salt taste,dash cayenne pepper
beef stew meat,tomatoe juice,water,instant tapioca,beef bouillon granule,sugar,salt,ground pepper,carrot,strip celery,potato,onion,slice bread
garlic powder,salt,onion powder,oregano,ground pepper,fluid beer light,chicken,onion
bluefis fillet,bread mix,water,butter,salt pepper taste,onion,sprigs dill
butter,garlic,mushroom,wedge brie cheese,loaf round bread,parmesan cheese
sheet phyllo dough,oil,round brie cheese,mango chutney
puff pastry,wheel brie cheese,almond
head garlic,butter,onion,apple,wedge brie cheese,sheet puff pastry
butter,shallots,pear,wine,sugar,thyme,salt pepper taste,round loaf bread,round brie cheese,almond,cracker