grape,sugar
cupcake,cake mix,vegetable oil,egg white,water,chocolate,nbsp,cream,confectioner sugar,raspberries,toffee bit,hazelnut,ganache,semisweet chocolate,chocolate chip,butter,cream cheese,vanilla,food
pea,almond,onion,mayonnaise,ground pepper taste
flour,oat,powder,ground cinnamon,ground nutmeg,pumpkin pie spice,ground ginger,salt,butter,light sugar,egg,vanilla,pumpkin,apple butter,walnut
sugar,egg,peanut butter,topping,semisweet chocolate chip,chocolate chip,pecan,almond,coconut,milk
graham cracker crumb,sugar,butter,cream cheese,milk,lemon juice,vanilla,pie
water,honey,instant yeast,stone ground wheat flour,wheat gluten,flax seed,flax,oat,sesame seed,quinoa,sunflower seed,salt,coconut oil
watermelon,strawberrie,cantaloupe,pineapple
tomato,basil,extra-virgin oil,wine vinegar,pinch salt ground pepper taste
cream,superfine sugar,vanilla
vanilla ice cream,tea powder matcha
paste,water,hunt tomatoe
instant coffee granule,instant milk chocolate drink mix,instant milk powder,ground cinnamon
ground beef,pace,water,instant rice,pace salsa,cheddar cheese,lettuce,tortilla chip
vegetable oil,herb,milk,broth note
basil,oil,parmesan cheese,pine nut,clove garlic,salt,dash nutmeg
cream cheese,cream,inch shortbread pie crust keebler,strawberrie,sugar,cornstarch,vanilla
batter,mazola pure spray,flour,envelope rapidrise yeast,sugar,salt,water,oil,nbsp,topping,spaghett sauce,blend cheese,spice islands
batter,mazola pure spray,flour,envelope rapidrise yeast,sugar,salt,water,oil,nbsp,pizza sauce,pepperon slice,mozzarella cheese
ground beef,taco,nbsp,batter,mazola pure spray,flour,masa corn flour corn,envelope rapidrise yeast,sugar,salt,milk,mazola corn,egg,salsa,mexican-style cheese,corn chip
canola oil,boneless,onion,celery,carrot,tomatoe,bean,navy bean,kidney bean,wine,bay leaf,herb,chicken breast,parsley,cilantro
inch flour tortilla,cheddar cheese
vegetable oil,sugar,vinegar,onion,mustard powder,salt,coleslaw mix,pea,peanut,poppy seed
swanson broth swanson goodness broth,basil,ground pepper,vegetable combination broccol,medium egg noodle,chicken
oil,onion,zucchini,squash,carrot,bell pepper,baby portabella mushroom,vegetable broth,paprika,ground cardamom,salt,cilantro,chickpea,tomatoe,couscous,zest,parmesan cheese,almond
ground beef,pepper,onion,chili powder,ground pepper,juice juice,kidney bean,bean,cream,cheddar cheese,tomato
ground beef,sodium,pace salsa,cheddar cheese,farm bun seed
pasta,jar prego sauce,mozzarella cheese,farm zesty crouton
vegetable combination broccol,biscuit
vegetable oil,bag pasta vegetable blend,soup,water
vegetable oil,boneless pork chop,clove garlic,mushroom,milk,couscous long-grain rice
vegetable combination broccol,biscuit
butter margarine,broccol floweret,milk,cheddar cheese
egg,sugar,flour,milk,butter,vanilla,powder,nbsp,half-and-half,cream cheese,cream
pea,dill pickle,peanut,mayonnaise,lettuce
boneless,chicken broth,bean,minute,almond
butter,onion,bacon,bean original,sauce,ketchup,mustard,sugar
eggplant,salt,canola oil,nbsp,tomatoe,tomato paste,oregano,basil,garlic powder,onion powder,oil,salt ground pepper taste,onion,spinach,carrot,ricotta cheese,egg,cheese,mozzarella cheese
ground beef,clove garlic,medium zucchini,jar prego prego,mostaccioli pasta ziti,mozzarella cheese,ricotta cheese,parmesan cheese
mushroom,two-cheese blend,parmesan cheese,milk,ground pepper,pasta
milk,ice cube,sugar,instant coffee granule,cocoa powder,vanilla,chocolate syrup,cream
butter,oil,mozzarella cheese,parsley,caper,cornstarch,water,clove garlic,zinfandel wine,cream,salt ground pepper taste
stove sodium,%-less-sodium cream mushroom soup,wine,boneless chicken breast,italiano
pillsbury pizza crust,oil,cheddar cheese,mozzarella cheese,nbsp,bbq,onion,honey hickory barbecue sauce chicken,margherita,parmesan cheese,inch slice plum tomato,basil strip,pizza sauce,slice bacon,pineapple tidbit,pepperon,slice pepperon
blackberrie,strawberrie,banana,juice,ice,sugar
chocolate cake mix,water,vegetable oil,egg,strawberrie,blueberrie
mini marshmallow,coconut,mandarin orange,pineapple chunk,cream
ice,strawberrie,banana,juice,honey
milk,jell-o chocolate flavor vanilla flavor,tub whip,bar chocolate candy,ready-to-use chocolate flavor crumb crust oz inch
oat,coconut,peanut butter,sugar,cocoa powder,butter,milk,vanilla
flour,sugar,powder,salt,egg,milk,vegetable oil
vegetable oil,ground turkey,tomatoe,chili bean,pinto bean,kidney bean,bean,tomato paste,cheddar cheese,cream
up
up,fluid punch splash,fluid whiskey
avocado,lime juice,lemon juice,tomatoe chile pepper rotel,onion,pepper,clove garlic,salt ground pepper taste
pinto bean,pace picante,garlic powder,cilantro,bean,tomato,inch flour tortilla,cheddar cheese
evans,bean,taco mix,cheese blend,cream,chilie,tomato,olive,bunch onion,jar salsa,tortilla chip
quart pineapple sherbet,liter bottle up,mojito,rum
quart pineapple sherbet,liter bottle up,cocktail infusions pomegranate,rum
quart lime sherbet,liter bottle up,cocktail infusions,vodka
quart sherbet,liter bottle up,dry ginger ale,juice,cranberry juice,pinch pumpkin spice,whiskey
liter bottle up,quart sherbet,pint vanilla ice cream
quart sherbet,liter bottle up,juice,cranberry juice,brandy
cocktail infusions pomegranate,up,fluid vodka
quart lime sherbet,liter bottle up,mojito,rum
biscuit mix,soda,cream,butter
zucchini,salt,cream cheese,cream,artichoke heart,olive,sauce,salt pepper taste,pico gallo
fluid water,lard,yeast,bread flour,salt,ground cinnamon
fluid bottle beer,parsley,soy sauce,clove garlic
carrot,raisins,walnut,celery,coconut,mayonnaise,cream,cider vinegar,sugar,salt
egg white,pinch salt,vinegar,castor sugar superfine sugar,vanilla,coconut,cream,strawberrie,kiwifruit,peach,blueberrie
limeade,pineapple juice,juice,fluid tequila,fluid liqueur
basil,flour,egg,oil,water
slice wheat bread,ground beef,onion,medium salsa,grain mustard,sauce,garlic,salt pepper taste,barbeque sauce
vegetable broth,onion,pea,salt,pinch garam masala,pinch turmeric powder,ground cayenne pepper taste,basmati rice,butter,mushroom,clove garlic,bell pepper,garam masala,cayenne pepper taste,lentil,almond sliver,bunch cilantro sprigs
fluid vodka,fluid sec liqueur,fluid jigger peach schnapps,fluid juice,fluid pineapple juice,mix
fluid beverage,ketchup,onion,garlic powder taste,pepper sauce
butter,garlic powder,salt,onion powder
jar pepperoncini pepper,jar pepper ring,jar pimento pepper,pepperon sausage,provolone cheese,cheese,cheddar cheese,mushroom,olive,clove garlic,oregano,canola oil,oil
onion,sugar,soy sauce,wine vinegar,thyme,sesame oil,clove garlic,ground allspice,habanero pepper
barbecue sauce,steak sauce,balsamic vinegar,garlic powder,sauce,beer,clove garlic
ingredient cake,water,raisins,sugar,crisco all-vegetable,solid-pack pumpkin pumpkin pie,egg,flour,ground cinnamon,powder,soda,ground ginger,salt,ground clove,nbsp,ingredient,crisco butter flavor all-vegetable,confectioner sugar,milk,vanilla,nut
elbow macaron,tomatoe,cheddar cheese,milk,packet saltine cracker
egg,spinach,leek,onion,feta cheese,bunch parsley,bunch dill,bunch spearmint,sugar,milk,oil,pinch salt ground pepper taste,nbsp,flour,semolina flour,pinch salt,water,parmesan cheese,butter
steak sauce,sugar,fluid bottle beverage,butter,wine vinegar,onion powder,garlic powder,salt,ground pepper
almond flour,celtic sea salt,ground cinnamon,soda,ground nutmeg,egg,agave nectar,oil,carrot,raisins,walnut
bean,onion,balsamic vinegar,clove garlic,sugar,basil,oregano,parmesan cheese,grape tomatoe
pork shoulder roast,quart vegetable broth,sherry,pearl onion,mushroom,rosemary,ground pepper,salt taste
yeast,water,egg yolk,egg,vegetable oil,sugar,salt,flour,pinch salt
rice noodle,fish sauce,lime juice,sugar,oyster sauce,chile pepper sauce,chicken stock,vegetable oil,garlic,medium shrimp,egg,bean sprout,onion,peanut,nbsp,cilantro,lime
marshmallow,graham cracker square,peanut butter
fluid premium tequila,fluid liqueur marnier,fluid cointreau,fluid syrup,fluid liqueur,lime,mix
flour,powder,soda,salt,ground cinnamon,ground nutmeg,allspice,egg,sugar,vanilla,vegetable oil,carrot,pineapple,coconut,walnut,raisins
quart oil,flour,sugar,powder,salt,bacon dripping,egg,buttermilk,soda,dog,stick
hamburger bun,mayonnaise,lettuce,slice tomato,potato salad
milk,half-and-half,wine,pepper,butter,bay leaf,pinch salt,dash pepper sauce tabasco,oyster,clam juice,portobello mushroom,onion
turkey,butter,salt ground pepper taste,quart turkey stock
bread cube,instant mix,mushroom,onion,celery,oil,poultry,salt,sage,ground pepper,jar turkey gravy,cream mushroom soup,cranberry sauce
flour,salt,garlic powder,onion powder,ground pepper,egg,buttermilk,barbeque sauce,sauce,steak sauce,chicken,oil
inch slice bread,ricotta cheese,cottage cheese,lowfat cream cheese,sugar,vanilla,egg substitute,milk
flour,soda,salt,ground cinnamon,ground mace,ground nutmeg,ground clove,butter,sugar,egg,milk,vanilla,cornflake,oat,coconut,semisweet chocolate chip,walnut
ghee butter,lamb meat,nbsp,spice,ground allspice,ground cinnamon,ground clove,ground nutmeg,pinch ground cardamom,onion,potato,eggplant,zucchini,tomatoe,chile pepper,salt taste,tomato paste,water,clove clove garlic,mint
berrie,peache,honey
sugar,ketchup,wine vinegar,water,sauce,mustard,paprika,salt,pepper,dashe pepper sauce
vegetable oil spread,mushroom,onion,flour,chicken stock,half half,salt,ground pepper taste,bean,nbsp,grain crouton,walnut,vegetable soy spread
potatoe,gratin instant potato mix,chicken broth,water,cream
egg,sugar,lemon zest,lemon juice,carrot,ground almond,flour,powder,pinch salt,nbsp,confectioner sugar
cake mix,instant butterscotch mix,oat,vegetable oil,cream,water,vanilla,semisweet chocolate chip
ground beef,onion powder,honey mustard,garlic powder,pepper,salt,sugar,oil,slice cheese,hamburger bun
oil,onion,chilie,bay,ground turmeric,pinch asafoetida powder,salt taste,tomatoe,ground coriander,garam masala,chile powder,water,pea,medium-firm tofu
oil,onion,clove garlic,tomato,ground beef,water,potato,beef bouillon,fish sauce,salt pepper taste
milk,cream,vanilla,sugar,espresso,chocolate chip
parmesan cheese,clove garlic,butter,prosciutto,milk mozzarella cheese,wine,oil,pinch pepper
fluid vodka,fluid liqueur,lime juice
zucchini,salt,flour,soda,ground cinnamon,nutmeg,egg,sugar,vegetable oil,vanilla,walnut,raisins
flour,salt,soda,powder,butter,sugar,vanilla,egg,corn syrup,half-and-half cream,semisweet chocolate chip,walnut
avocado,banana,cocoa powder
flour,lemon zest,sugar,powder,egg,milk
beef liver,milk,butter,vidalia onion,flour,salt pepper taste
water,firm potatoe,pint cream room temperature,butter room temperature,instant potato flake,salt ground pepper taste
butter,sugar,buttermilk,vanilla,corn syrup,ground cinnamon,soda
butter,flour,garlic powder,salt,pepper,milk,cheddar cheese,cheese,potatoe,onion,ham,cauliflower,cornflake
butter,sugar,egg,cream-style corn,chile pepper,cheese,cheddar cheese,flour,powder,salt
fluid vodka,fluid rum,fluid peach schnapps,fluid juice,fluid cranberry juice
sashimi grade tuna steak,cucumber,avocado,onion,pepper flake,sesame seed,lemon juice,sesame oil,soy sauce
sugar,chile sauce,rum,soy sauce,ketchup,sauce,clove garlic,ground mustard,ground pepper taste
butter,sugar,egg,flour,cocoa powder,salt,vanilla,walnut
potatoe,rutabaga,potato,parsnips,carrot,oil,chili sauce,onion powder,garlic powder,steak,ground pepper
bean,crimini mushroom,butter,onion,parsley,flour,lemon zest,salt,pinch ground pepper,milk,cream,cheddar cheese
calamari tube,onion,clove garlic,shrimp meat,crabmeat,lemon juice,butter,cream cheese,milk,parmesan cheese,pinch ground pepper,cheese,linguine pasta
sugar,egg,milk,vanilla,flour,powder,soda,salt,ground cinnamon,oat,walnut,raisins,semisweet chocolate chip
cheese tortellini,portobello mushroom,wine,parsley,clove garlic,alfredo-style pasta sauce,salt pepper taste,parmesan cheese
oil,clove garlic,ginger root,chile pepper,onion,ground cumin,ground coriander,ground turmeric,cream,spinach,tomato,sprigs cilantro,ricotta cheese,sea salt taste
square chocolate,butter,flour,soda,powder,salt,sugar,egg,vanilla,cream,semisweet chocolate chip
butter,sugar,egg,vanilla,flour,soda,salt,milk chocolate chip
cream cheese,cream,mayonnaise,cocktail sauce,salsa,onion,bell pepper,cheddar cheese,lettuce,cucumber
cheese,buttermilk,cream,mayonnaise,wine vinegar,sugar,garlic powder,salt ground pepper
flour,salt,ground pepper,cayenne pepper,shrimp,oil,clove garlic,shallot,parsley,oregano,wine,brandy
sesame seed,bunch onion,clove garlic,tahini,soy sauce,sugar,wine vinegar,ground pepper
bacon,stalk celery,onion,clove garlic,potatoe,chicken stock,butter,flour,cream,tarragon,cilantro,salt pepper taste
fluid grapefruit juice,fluid cranberry juice,coconut milk,water
oil,sea scallop,salt,ground pepper,garlic powder,butter,onion,zest,wine,cream
chili powder,salt pepper taste,oil,bell pepper,onion,pepper,tomato,pepper sauce
grouper fillet,tequila,liqueur,lime juice,salt,clove garlic,oil,medium tomatoe,medium onion,cilantro,pinch sugar,salt taste,ground pepper taste
fillet mahi mahi,oil,butter,clove garlic,lemon juice,louisiana-style sauce,roma tomato,onion
boneless,lemon juice,oil,lemon pepper,vidalia onion,mushroom cap,mayonnaise,sauce taste,salt pepper taste
tomatoe,cheddar cheese,asiago cheese
vinegar,mustard,margarine,salt,ground pepper,pepper flake,clove garlic,sugar
achiote annatto seed,cumin seed,peppercorn,allspice berrie,clove,habanero pepper,juice,vinegar,clove garlic,salt,lemon,premium tequila
acini pepe pasta,pineapple,mandarin orange,marshmallow,sugar,egg,salt,flour,jar maraschino cherrie
chocolate,milk chocolate candy kisse kisses,mini vanilla wafer cookie nilla,butterscotch chip
medium acorn squash,butter,sugar
acorn squash,ground cinnamon,ground nutmeg,ground ginger,ground clove,sugar,fluid apple juice
acorn squash,clove garlic,salt,egg,wheat flour,flour,water,cube chicken bouillon,beer,sage,ground pepper,butter,parmesan cheese
acorn squash,apple,butter,sugar,walnut,salt,ground cinnamon
acorn squash,oil,turkey sausage,sugar
butter,clove garlic,medium shrimp,tequila,lime juice,salt,chili powder,cilantro,lime
ground turkey,bread crumb,onion,egg white,parsley,clove garlic,salt,ground pepper
spray,flour,sugar,vegetable oil,egg,salt,soda,vanilla,ground cinnamon,apple
flour,soda,salt,sugar,butter,egg,vanilla,chocolate sandwich cookie crumb
duck,juice,garlic,salt ground pepper taste,nbsp,onion,raisins,apple,carrot,sauce,chicken broth,lemon juice,oil,clove garlic,sprig parsley,cream
oil,onion,lentil,clove garlic,leaf spinach,mint,salt taste,lemon juice
cream cheese,milk,anchovy paste,onion,pinch garlic powder
spray,milk chocolate,light cream,vanilla,semisweet chocolate chip
butter,sugar,egg,vanilla,mint,flour,cocoa powder,soda,salt,chocolate chip
medium potatoe,butter,oil,onion,salt taste,sugar,cream,cream cheese,light soy sauce,parmesan cheese,chicken bouillon granule,parsley,pepper taste
raisins,flour,sugar,powder,soda,salt,nutmeg,cinnamon,ground clove,egg,pumpkin,applesauce,walnut
soy sauce,sherry,dash sesame oil,flour,cornstarch,water,powder,soda,canola oil,nbsp,quart vegetable oil,chicken broth,vinegar,sugar,sesame oil,chile paste kitchen,clove garlic,sesame seed
vegetable oil,onion,clove garlic,kidney bean,water,chili powder,ground cumin,mustard,pinch cayenne pepper,soy sauce,potatoe,inch flour tortilla,cheddar cheese
bite-size corn square corn chex,rice square,bite-size wheat square chex,box oat ring cheerios,nut,mini pretzel twist,goldfish cracker,sesame snack stick,nbsp,bacon dripping,butter,sauce,monosodium glutamate msg,smoke,cayenne pepper,salt,chili powder,garlic powder,pepper sauce tabasco
tomatoe,bell pepper,onion,bottle zesty
wine,soy sauce,lemon juice,sauce,mustard,honey,garlic,ground cumin,ground coriander,onion powder,ground pepper,canola oil
turkey,cream chicken soup,tomatoe chile pepper rotel,onion,bell pepper,cheddar cheese,jar mushroom,clove garlic,chili powder,tortilla
chicken,soy sauce,vinegar,bulb garlic,ginger root,bay,peppercorn
tomatoe,bell pepper,onion,cilantro,adobo sauce chipotle pepper,tarragon,salt,balsamic vinegar
lime,garlic,oregano,ground cumin,chipotle pepper adobo sauce,adobo sauce chipotle pepper taste,beef sirloin steak,salt pepper taste
squid,vinegar,water,salt ground pepper taste,oil,onion,clove garlic,tomato,soy sauce
paste,chicken broth,sugar,powder,salt,light soy sauce,coconut milk,canola oil,garlic,ginger,onion,potatoe
cucumber,onion,vinegar,water,sugar,dill
onion,sugar,ground pepper,salt,chili powder,paprika,oregano,clove garlic,ketchup,water,vinegar,canola oil,sauce,smoke,beef brisket,cornstarch,bun
peanut oil,clove garlic,ginger root,lemon grass,pepper,ground coriander,ground cumin,onion,bok choy,water,coconut milk,fish sauce,cilantro
vodka,brandy,juice,fluid lemonade,jar maraschino cherrie,grapefruit soda,fluid beverage
watermelon,rum
yeast,water,vegetable oil,sugar,flour,salt,potatoe,cheddar cheese,ground pepper,egg yolk
light coconut milk,cilantro,lime,inch piece ginger root,clove garlic,agave nectar,nbsp,peanut oil,onion,bell pepper,carrot,adzuki bean,mango strip
pastry,syrup,peanut oil,cake flour,soda,pinch salt,nbsp,adzuki,adzuki bean,water,sugar,wheat starch,flour,egg yolk
egg white,flour,powder,sugar,soda,salt,egg yolk,butter,buttermilk,vegetable oil
wheat flour,sugar,powder,salt,ground cinnamon,dash ground nutmeg,dash ground clove,egg,milk,butter,vanilla
fl oz chicken breast chunk,onion,lemon juice,yogurt,hummu,kalamata olive,bell pepper,dill,feta cheese
flour,sugar,instant tapioca,cider vinegar,pineapple,apple,peanut
yogurt,mint,clove garlic,nbsp,ground beef,onion,water,carrot,salt,ground pepper,ground coriander,ground cumin,wonton wrapper,tomato paste,pepper flake,split pea,cube chicken bouillon
vegetable oil,onion,tomato paste,okra,ground turmeric,salt pepper taste,water
butter,onion,clove garlic,ground beef,tomato paste,tomato juice,water,garbanzo bean,fettuccine,salt,ground pepper,mustard,dill,cilantro,chili paste,lemon juice
date,water,flour,cocoa powder,powder,sugar,vanilla,cornflake
oil,chicken,clove garlic,onion,potato,ground cumin,ground coriander,ground pepper,pepper flake,salt,water,natural-style peanut butter,garbanzo bean
oil,onion,clove garlic,bay leaf,tomatoe,powder,salt,chicken,coconut milk,lemon
oil,medium onion,bell pepper,clove garlic,tomatoe,vegetable broth stock,pepper,chili powder,crunchy peanut butter,rice
vegetable oil,onion,clove garlic,ginger root,ground cumin,ground coriander,ground cinnamon,pinch ground clove,medium tomatoe,potatoe,carrot,water,salt,pinch cayenne pepper,peanut butter,bunch cilantro
turkey leg,chicken bouillon cube,bell pepper,tomatoe,onion,habanero pepper,garlic,tomato paste,vegetable oil,salt taste
celery,garlic,tomato paste,cube beef bouillon,water,peppercorn,bay,canola oil,beef oxtail,onion,salt pepper taste,kidney bean,cornstarch
butter,celery,onion,bread cube,chicken broth,turkey gravy,turkey,cream-style corn,potatoe,cheddar cheese
ham bone meat,onion,tomatoe juice,vegetable,potatoe,elbow macaron,grain rice,ham,tomato sauce
firm tofu,cornstarch,oil,onion,hoisin sauce
oat,sugar,butter,flour,soda
water,hibiscus petal,cinnamon,pinch ground clove,pinch ground nutmeg,pinch ground allspice,piloncillo sugar cone,sugar
tuna steak,soy sauce,onion,sesame oil,sesame seed,pepper,macadamia nut
ahi tuna,onion,ginger,wakame,ground macadamia nut,sesame oil,pepper flake,iceberg lettuce,cilantro
fluid pineapple juice,fluid apricot nectar,limeade,liter beverage
mustard,teriyaki sauce,bacon bit,parmesan cheese
chicken,tomato soup,garlic powder,ginger juice,ground cardamom,powder,salt,sugar,lemon juice,buttermilk
clove garlic,egg yolk,oil,lemon juice,salt taste,ground pepper taste
egg yolk,mustard,extra-virgin oil,clove garlic,lemon juice taste,salt pepper taste
slice bacon,bean,butter,sugar
onion,carrot,clove garlic,quart water,loaf bread,fluid milk,parmesan cheese,walnut piece,vegetable oil,aji amarillo chile paste,ground turmeric,egg,kalamata olive
canola oil,shallots,garlic,bell pepper,chipotle chile powder,ground cumin,roast beef,baby potatoe,water,quart beef broth,oregano,pepper taste,parsley,egg
mung bean gram,water,rice flour,cumin seed,chile pepper,asafoetida powder,cilantro,coconut,carrot,salt taste,vegetable oil
fresco breakfast,egg,milk,ground pepper,wheat mini bagels,low-sodium cheddar cheese,apple apricot jam,spray
fresco asiago,extra-virgin oil,pepper,clove garlic,egg,parsley,low-sodium parmesan cheese,tabasco sauce
kabsa spice,saffron,ground cardamom,ground cinnamon,ground allspice,ground pepper,lime powder,nbsp,butter,onion,clove garlic,chicken,tomato puree,tomatoe,carrot,clove,pinch ground nutmeg,pinch ground cumin,pinch ground coriander,salt ground pepper taste,water,cube chicken bouillon,basmati rice,raisins,almond
vegetable oil,garlic powder,onion powder,pepper,envelope ranch mix,pepper flake,multigrain saltine cracker
pineapple,pie,devil food cake mix,pecan,mint chocolate chip,butter
apple cider vinegar,salt,sugar,ground pepper,cayenne pepper,butter,quart water,butt roast
fluid liqueur,fluid amaretto liqueur,dash grenadine syrup,fluid juice
potatoe,mayonnaise,dill pickle relish,mustard,egg,celery,paprika,round cracker
mayonnaise,cheese,balsamic vinegar,ground pepper,pinch garlic powder,buttermilk
flour,salt,butter,lard,water
wheat flour,wheat germ,wheat bran,oat bran,powder,soda,ground ginger,barley malt flour,vegetable oil,honey,milk,yogurt,egg,raisins
mustard,butter,honey,bread crumb,pecan,parsley,fillet salmon,salt pepper taste,lemon wedge
flour,salt,butter,water,egg,sugar,buttermilk,soda,powder,vanilla,almond,nbsp,milk,confectioner sugar,pecan
sugar,honey,dash smoke,apple cider vinegar,salmon fillet
oil,clove garlic,tomatoe,oregano,cod,shrimp,salt taste
pepperjack cheese,half-and-half cream,tomato,onion,bell pepper,spinach
penne pasta,oil,garlic,parmesan cheese
quart water,carrot,potatoe,medium onion,salsa,beef bouillon cube,ground beef,bread crumb,milk,cilantro
tomatoe,onion,clove garlic,adobo sauce chipotle pepper,vegetable oil,chicken stock,tomatillo,egg,chipotle pepper adobo sauce,chicken bouillon granule,sprigs cilantro,ground beef,ground pork,rice
ground beef,pork sausage,onion,egg,salt,ground pepper,garlic powder,milk,basil,beef broth,jar salsa,tomatoe,oregano,rice
ground beef,cube beef bouillon cube,water,clove garlic,onion,slice bread,egg,chili powder,oregano,ground cumin,cumin,carrot,bell pepper,stalk celery,tomatoe,medium head cabbage,pepper flake,salt pepper taste
quart water,ground beef,rice,egg,oregano,garlic salt,ground pepper,ground cumin,flour,potatoe,salt pepper taste
bean,taco mix,avocado,lemon juice,onion,dash garlic salt,cream,chile pepper,cheese,cheddar cheese,medium tomatoe,olive
water,sugar,mint,ice,lemonade,mint sprigs
water,sugar,mint,lime sherbet,lime juice,club soda,lime slice garnish
ice cube,tea,fluid vodka,fluid peach schnapps
brine,salmon fillet,ground pepper taste,sugar,salt,water
split piece alder wood,acorn squash,maple bacon,butter,quart chicken stock,quart water,salt taste,cumin,cream,parsley,cilantro,paprika,cayenne pepper
avocado,banana,soy milk,cocoa powder,agave nectar,lemon juice,coconut
flour,cornstarch,soda,powder,butter,sugar,egg yolk,vanilla rum,vanilla,lemon,lemon zest,jar dulce leche,coconut
potatoe,clove garlic,oil,sauce,ground pepper,thyme,cheddar cheese,mozzarella cheese,parmesan cheese
egg,bread crumb,garlic salt,pepper,ground beef,hoagie bun,jar classico pasta sauce,slice provolone cheese
fettuccini pasta,oil,clove garlic,cheese,parmesan cheese,cream,salt pepper taste
tub,oil,baby spinach,inch slice bread bread,chicken,italiano
onion,clove garlic,vegetable oil,milk,chicken broth,flour,salt,ground pepper,parmesan cheese,fettuccine pasta,broccol floret
mostaccioli,cream,butter,parmesan cheese,parsley,salt,ground pepper,garlic powder
butter,cream,clove garlic,parmesan cheese,parsley
butter,fluid cream,salt taste,pinch ground nutmeg,parmesan cheese,cheese,egg yolk
bag giant steamers broccol cut,turkey,progresso recipe starters parmesan basil sauce,garlic salt,-cheese blend,progresso style panko bread crumb,almond
bell pepper,tomatoe,oil,clove garlic,pepper,salt taste,semolina,salt,water
water,carrot,oil,salt,ground pepper,ground cinnamon,ground cumin,clove clove garlic,thyme,bay leaf,lemon juice
bell pepper,oil,onion,clove garlic,salt pepper taste,roma plum tomato
ground beef,clove garlic,onion,salt pepper taste,roma plum tomatoe,parsley,ra el hanout,water
fluid sauce,slice bacon,butter,mushroom,cheese,honey mustard salad
flour,sugar,powder,salt,milk,vegetable oil,egg,vanilla,blueberrie,butter
cream,parmesan cheese,wine,chicken broth,pinch salt,dash lemon pepper
oil,medium onion,garlic,cumin seed,tomatoe,coconut milk,ground coriander,salt,ground turmeric,cayenne pepper,ground cinnamon,ground ginger,ground cardamom,potatoe,medium head cauliflower,garbanzo bean,garam masala
pita bread round,marinara sauce,parmesan cheese,olive,mozzarella cheese,clove garlic,basil
blueberrie,flour,powder,salt,margarine,sugar,egg,vanilla,milk
tomatoe,onion,oil,oregano,basil,parsley,loaf bread,parmesan cheese
cheese tortellini,oil,lemon juice,wine vinegar,parsley,oregano,salt,egg,baby spinach,feta cheese,onion
avocado,tomatoe,tomatillo,clove garlic,pepper,sprigs cilantro,cream,salt taste
potatoe,milk,cream,butter,cheddar cheese,ham,pinch garlic powder,pinch onion powder,pinch salt ground pepper taste
potatoe,butter,cream,head cabbage,bunch onion,clove garlic,salt ground pepper taste
egg,egg white,apple cider vinegar,canola oil,honey,milk,salt,xanthan gum,tapioca flour,garbanzo bean flour,millet flour,rice flour,yeast
beef stew meat,water,onion,tomatoe,vegetable,potatoe,cube beef bouillon,ground pepper,salt,basil
lentil,onion,carrot,bell pepper,wheat germ,rice,bread crumb,flax,egg white,tomato sauce,oil,thyme,pinch cayenne pepper,salt taste
flour,vegetable oil,milk,sugar,salt,apple,ground cinnamon,ground nutmeg,butter
ground beef,oat,onion,milk,egg,ketchup,parsley,clove garlic,salt,basil,ground pepper,slice cheddar cheese
beef eye round roast,salt,garlic powder,ground pepper
strawberrie,sugar,quart cream,instant chocolate mix,lemon yogurt,rum,cake,pint blueberrie
apple,sugar,ground cinnamon,ground clove,salt
elbow macaron,cheddar cheese,fluid milk,milk,egg,salt,ground pepper
onion,carrot,portobello mushroom,venison rump roast,garlic clove,ground pepper,salt taste,cream mushroom soup,beef broth,water,envelope onion gravy mix
oil,onion,clove garlic,oregano,basil,beef neck bone,tomato sauce,tomatoe,tomato paste,water,ground beef
ground beef,sauce,tomato sauce,pork skin,egg,chili powder,garlic salt,garlic pepper
canola oil,clove garlic,onion,beef stew meat,salt,pepper,flour,beef broth,bay,sugar,nutmeg,potatoe,carrot,cornstarch,water,parsley
lime juice,teriyaki sauce,onion,ginger root,ancho chile powder
ground turkey,ground chicken breast,bulk pork sausage,egg,packet saltine cracker,barbeque sauce,mustard,smoke,parsley,onion,onion powder,garlic salt,salt,nbsp,sugar
tomatoe,clove garlic,basil,oil,salt taste,parmesan cheese,pasta
ground beef,salt ground pepper taste,slice cheddar cheese,extra-long dog bun,mayonnaise,ketchup
light cream,ranch mix,bell pepper,corn tortilla chip
ham,onion,butter,potatoe,chicken broth,dijon-style mustard,milk,cream celery soup,garlic powder,salt,salt-free blend
slice bacon,vegetable oil,onion,carrot,stalk celery,potato,clam juice,tomatoe,tomato sauce,ground pepper,salt,parsley,marjoram,garlic powder,thyme,mustard,pepper sauce,clam,shrimp
milk,yogurt,banana,protein supplement,flax,honey,strawberrie
paprika,pepper blend,sugar,chili powder,garlic powder,onion powder,sea salt,cayenne pepper
pineapple juice,banana,strawberrie,blueberrie
puff pastry,sugar,bread crumb,ground cinnamon,pinch ground nutmeg,egg,apple,confectioner sugar,vanilla,milk
elbow macaron,butter,flour,quart milk,salt pepper taste,pinch cayenne pepper,ham,cheddar cheese,mozzarella cheese,cheese,paprika taste
inch pizza crust,oil,sesame oil,spinach,mozzarella cheese,mushroom
dough,water,flour,wheat gluten,salt,instant yeast,raisins,egg
oil,bell pepper,onion,ground alligator meat,tomatoe,bottle tomato-vegetable juice cocktail,bean,kidney bean,chipotle chile adobo sauce,chili powder,ground cumin,ground cinnamon,paprika,celery salt,ground ginger,salt pepper taste,dash sauce
alligator meat,vinegar,salt pepper taste,oil,flour,garlic powder,cayenne pepper,pepper,nbsp,sauce,mayonnaise,horseradish,mustard,wine vinegar
avocado,apple,honey,raisins,sunflower seed
fluid jigger melon liqueur,juice
oil,mushroom,salt ground pepper taste,pinch garlic powder,zucchini,potatoe,bread crumb,parmesan cheese
farfalle pasta,mayonnaise,cream,cider vinegar,dijon-style mustard,sugar,ground pepper,dill,salt,grape,ham,onion,cheddar cheese
butter,sugar,egg,vanilla,liqueur,flour,soda,salt,oat,semisweet chocolate chip,walnut
flour,salt,ground cinnamon,ground nutmeg,vegetable crisco,butter,ice-cold water,nbsp,carrot,celery,potatoe,pea,onion,water,clove garlic,chicken soup base,ground pepper,sage,thyme
oil,bulb garlic,tomatoe,chile,tomato paste,caper,olive,parsley,portobello mushroom cap,horseradish,habanero sauce,sugar,oregano,cumin
splenda calorie,salt,paprika,mustard powder,ground pepper,pinch oregano,pinch thyme
sugar,salt,paprika,mustard powder,ground pepper,pinch oregano,pinch thyme
cream cheese,butter,ground allspice,confectioner sugar,vanilla,milk
vegetable oil,clove garlic,bean,water,ground allspice,salt pepper taste
mayonnaise hellmann foods,ketchup,mustard,pickle relish,sauce
garbanzo bean,basil,oat bran,oat,rice,firm tofu,barbeque sauce,salt,ground pepper,garlic powder,sage,vegetable oil
potatoe,egg,sugar,milk,butter,lemon juice,ground ginger,ground clove,ground cinnamon,salt
oat,milk,flour,soda,salt,margarine,sugar,egg,vanilla,semisweet chocolate chip
canola oil,rice vinegar,soy sauce,mirin rice wine,sesame seed,head romaine lettuce,head baby bok choy,carrot,almond,crouton
egg,almond,coconut,sesame seed,sugar,pinch nutmeg,pineapple,onion,fillet tilapia
oat,almond,walnut,soy nut,rice,milk powder,wheat germ,raisins,semisweet chocolate chip,flax,ground cinnamon,salt,nbsp,egg white,canola oil,honey,vanilla
box banana bread muffin mix,water,egg,vegetable oil,applesauce,medium banana,almond,semi-sweet chocolate chip chocolate,nbsp
confectioner,peanut butter,peanut,rice,marshmallow
flour,sugar,salt,egg yolk,butter,flavor fruit jam,egg white,almond,coconut
graham cracker,almond,butter,sugar,vanilla
almond paste,ground almond,sugar,pinch salt,butter,egg white,almond,amaretto liqueur,puff pastry,egg,water,confectioner sugar
almond,oil
spray,purpose flour,wheat pastry flour,salt,soda,butter,light sugar,sugar,vanilla,egg,almond
butter,confectioner sugar,milk,almond
milk chocolate chip,butter,sugar,almond
butter,almond,sugar,semisweet chocolate chip
grain rice,water,chicken,mayonnaise,yogurt,cream mushroom soup,chicken broth,lemon juice,onion,water chestnut,almond,celery,ground pepper,salt,cornflake,butter
long-grain rice,butter,onion,celery,mayonnaise,cream chicken soup,almond,cornflake crumb
onion,carrot,bell pepper,sugar pea,cilantro,almond,sugar,vinegar,sesame oil,teriyaki sauce,ground mustard
egg white,confectioner sugar,vanilla,coconut,flour,semisweet chocolate chip,almond
butter,sugar,egg,vanilla,flour,soda,salt,semisweet chocolate chip,coconut,almond
chocolate cake mix,egg,margarine,flour,nbsp,sugar,milk,marshmallow,coconut,semisweet chocolate chip,almond
water,parsley,pinch pepper flake,chicken bouillon granule,pearl couscous,lemon,almond,celery,onion,tomato,oil,salt pepper taste
square chocolate,milk,coconut,vanilla,pinch salt,almond
food,vegetable,sugar,egg,almond,flour,soda,salt
crisco all-vegetable shortening,sugar,egg,almond,best flour,powder,salt
butter,sugar,egg,flour,ground almond,amaretto liqueur
butter,sugar,almond,egg,rice flour,rice
butter,sugar,almond,flour,salt
water,butter,salt,flour,egg,nbsp,instant vanilla mix,milk,cream,almond,semi-sweet chocolate chip,light corn syrup
margarine,sugar,flour,milk,almond,crescent roll,butter,confectioner sugar
butter,confectioner sugar,brandy,water,almond,flour
vanilla,confectioner sugar,salt,water,flour,ground almond,semisweet chocolate chip
almond,butter,sugar,light corn syrup,water,milk chocolate chip
almond,coconut,honey,oats,cinnamon,almond vegetable oil
chevre,cream cheese,port wine,pepper taste,grape,almond,chive
ground almond,cream,honey mustard,ground rosemary,pork tenderloin,salt pepper taste,nbsp,apple-rosemary,butter,clove garlic,onion,apple,apple cider
flour,powder,sugar,margarine,egg,vanilla,almond,milk,nbsp,light corn syrup,cream,pinch salt,butter,confectioner sugar
milk powder,cornstarch,sugar,water,egg yolk,almond
sugar,egg,cream,milk,vanilla,almond
slice bacon,almond,cream cheese,mayonnaise,onion,dill,pinch ground pepper,pine nut,nbsp,cracker
milk,almond syrup
sugar,water,envelope yeast,egg,salt,milk,purpose flour,nbsp,butter,almond cake pastry almond paste,almond
sugar,cornstarch,salt,milk,egg,amaretto liqueur
flour,powder,soda,salt,almond flour,sugar,yogurt,egg,butter
almond flour,pinch salt,soda,egg,honey,vanilla,spray
almond,egg,milk,flour,salt,powder,vanilla,slice bread,canola oil,butter,confectioner sugar
gelatin,water,sugar,milk,almond,fruit cocktail
sugar,milk,gelatin,water,almond,mandarin segment
onion,butter,sugar,water,almond
bean,tomatoe,taste,almond
envelope gelatin,water,almond,sugar,strawberrie,grape,cantaloupe
water,envelope gelatin powder,milk,sugar,almond
almond,egg white,sugar,flour
sugar,water,fluid milk,milk,egg yolk,almond
lemon juice,dijon-style mustard,clove garlic,ground pepper,oil,almond,chicken broth,cornstarch,marmalade,butter,parsley,pepper flake,slice lemon
almond paste,sugar,egg white,salt,cake flour,confectioner sugar,almond
egg white,lemon zest,sugar,ground almond,food
bacon,wine vinegar,honey,mustard,celery salt,ground paprika,oil,head leaf lettuce,mandarin orange,bunch onion,almond
oat,almond,wheat germ,coconut,sunflower seed,maple syrup,sugar,vegetable oil,water,salt,raisins
ground almond,egg white,confectioner sugar,lemon zest,ground cinnamon
crisco butter no-stick spray,almond,light sugar,crisco all-vegetable crisco all-vegetable shortening,folgers crystal,milk,vanilla,egg,best flour,cocoa powder,salt,soda,semi-sweet chocolate chip,nbsp,sugar,water
butter,almond,salt pepper taste,cream,mustard,marmalade,pepper flake
egg white,almond,salt,ground pepper,flour,piece boneless,spray,bulb fennel,arugula,extra-virgin oil,lemon juice
almond,sugar,butter,egg,zest,vanilla,farm puff pastry,water,confectioner sugar
streusel,sugar,almond,flour,butter,zest,cake,egg,vanilla,powder,soda,juice,confectioner sugar
almond,confectioner sugar,egg white
pork tenderloin,tarragon,garlic powder,butter,flour,wine,chicken bouillon granule,mustard,cream,almond,onion
butter,sugar,egg,flour,salt,almond,almond paste,confectioner sugar,milk,food
butter,flour,water,nbsp,almond,egg,confectioner sugar,vanilla
sugar,vegetable oil,egg,vanilla,flour,salt,soda,milk,rhubarb,almond,butter
salt pepper taste,egg,water,almond,butter,oil,mushroom,onion,clove garlic,cream,almond paste,ground nutmeg
flour,mccormick,butter,vegetable,sugar,mccormick almond,mccormick vanilla,maraschino cherrie
butter,sugar,almond,flour,sugar decoration
butter,confectioner sugar,cornstarch,flour,ground nutmeg,almond
cream,sugar,pinch salt,almond
almond butter,honey,ground cinnamon,almond,raisins,slice whole-grain bread
butter,sugar,egg,almond paste,almond,flour
instant tea powder,sugar,water,lemonade,vanilla,almond
crisco butter crisco butter flavor all-vegetable sticks,milk,almond,sugar,best flour,salt
butter,egg,sugar,flour,vanilla,salt,almond
flour,sugar,powder,soda,salt,apple,egg,yogurt,milk,almond,nbsp,cinnamon sugar
wine,cider vinegar,shallots,sprig thyme,bay leaf,cream,butter,chive,lemon juice,salt pepper taste,fillet halibut,vegetable oil,bread crumb,almond,egg
egg,lemon pepper,garlic pepper,ground almond,parmesan cheese,tilapia fillet,flour,butter,salt taste,sprigs parsley,lemon wedge
butter,egg,sugar,almond paste,almond,flour,jam,egg white,coconut
flour,powder,soda,salt,ground cinnamon,ground nutmeg,nbsp,light sugar,sugar,spread,cream,oil,almond,amaretto liqueur,bourbon