slice bread,butter,clove garlic,salt ground pepper taste,parsley,nbsp,lemon,mustard,sauce,salt,anchovy paste,ground pepper taste,canola oil,head romaine lettuce,parmesan cheese
ground clove,ground cinnamon,salt,ground bay leaf,ground allspice,ground pepper,ground nutmeg,ground mace,celery
mayonnaise,pickle relish,vinegar,mustard,sugar,ground turmeric,dill,parsley,firm tofu,onion,celery,salt taste,ground pepper taste
flour,sugar,powder,soda,ground cinnamon,egg white,banana,applesauce
chicken thigh,ground ginger,paprika,onion powder,garlic salt,cider vinegar,ketchup,soy sauce,pineapple juice,sugar
soy sauce,slice bacon,hamburger bun,butter,teriyaki sauce,slice cheese,mayonnaise,slice pineapple,slice tomato,slice iceberg lettuce
medium head cabbage,carrot,pineapple,mayonnaise,salt
vegetable oil,onion,clove garlic,ginger root,sprigs cilantro,chile pepper,ground turmeric,tomato,potatoe,head cauliflower,ground cumin,ground coriander,garam masala,ground pepper,sugar,salt taste,water,tomato puree
vegetable oil,cumin,onion,serrano chile pepper,ginger paste,ground coriander,paprika,turmeric powder,cayenne pepper,garam masala,medium potatoe,salt,head cauliflower,lemon juice
vegetable oil,mustard,pinch asafoetida powder,cumin seed,pinch ground turmeric,pepper,roma plum tomatoe,ginger root,potato,head cauliflower,sugar,salt taste
head cauliflower,potatoe,oil,cumin seed,tomatoe,onion,salt,powder
vegetable oil,medium onion,ginger garlic paste,bay leaf,potatoe,pea,tomato puree,garam masala,paprika,sugar,salt,cilantro
onion,vegetable oil,potatoe,salt,cayenne pepper,ground turmeric,ground cumin,tomatoe
ground round,cube beef bouillon,water,fluid bottle vegetable juice cocktail,vegetable,alphabet pasta,salt pepper taste
boneless beef round steak,salt,ground pepper,salt lawry,flour,vegetable oil,tomatoe,medium onion,bell pepper,beef broth,carrot,celery,clove garlic,sauce,cheddar cheese
spaghett,broccol floret,kernel corn,mushroom,carrot,tomato sauce
fordhook lima bean,water,kernel corn,chile pepper,salt,sugar,butter
egg,sugar,square chocolate,ground cinnamon,vanilla,flour,ground almond,confectioner sugar decoration
slice bacon,onion,sauerkraut,sugar,chicken broth,potatoe,apple,juniper berrie,peppercorn,clove,sprig parsley,bay leaf,boneless pork chop,kielbasa sausage
oil,onion,garlic,salt pepper taste,herb bread crumb,mayonnaise,mustard powder,salmon fillet inch
lime,wine vinegar,juice,wine,honey,salt,pepper,chipotle chile powder,onion powder,garlic powder,paprika,chili powder,ground cinnamon,oregano,ground cumin,ground ginger,pinch pepper flake,pinch cayenne pepper,oil
potatoe,egg,bunche onion,dill pickle,shrimp,mayonnaise,salt pepper taste,celery salt,paprika
dish pastry crust,cherrie,sugar,arrowroot powder,ground cinnamon,salt,butter,lemon juice,vanilla,almond,food
ground beef,garlic powder,jar sausage spaghett sauce,tomato sauce,oregano,oil,clove garlic,onion,mozzarella cheese,provolone cheese,ricotta cheese,egg,milk,lasagna noodle,parmesan cheese
head broccol,raisins,onion,sugar,wine vinegar,mayonnaise,sunflower seed,slice bacon
slice bacon,head broccol,onion,raisins,wine vinegar,sugar,mayonnaise,sunflower seed
slice bacon,onion,potatoe,water,milk,cream-style corn,kernel corn,salt,ground pepper taste
fluid vodka,fluid sec,fluid juice,fluid half-and-half,slice
mayonnaise,pickle relish,onion,sugar,salt
onion,light sugar,butter,potatoe,cream,sprigs rosemary
ground beef,bread crumb,clove garlic,mozzarella cheese,parmesan cheese,egg,mushroom,onion,bell pepper,spaghett sauce
almond,sugar,egg white
water,sugar,vodka,almond,vanilla
water,sugar,vodka,almond,vanilla
chocolate syrup,flour,sugar,butter,egg,vanilla,salt,nbsp,confectioner sugar,amaretto liqueur,almond,chocolate chip
butter,confectioner sugar,flour,salt,amaretto liqueur,almond
fluid jigger amaretto liqueur,peache,apple juice
cake mix,egg,instant vanilla mix,amaretto liqueur,water,vegetable oil,almond,confectioner sugar
graham cracker crumb,sugar,butter,cream cheese,cornstarch,cream,vanilla,amaretto liqueur,salt,egg
cream cheese,sugar,cornstarch,egg,cream,butter,vanilla,lemon juice,almond,fluid amaretto liqueur,nbsp,macaroon cookie
graham cracker crumb,sugar,butter,nbsp,cream cheese,almond,salt,egg,amaretto liqueur,cream
cake mix,dairy amaretto creamer,amaretto liqueur,egg,vegetable oil,nbsp,instant vanilla mix,cream,bar chocolate toffee bar,bar chocolate candy bar,almond
graham cracker crumb,butter,gelatin,water,cream cheese,sugar,milk,lemon juice,amaretto liqueur,vanilla,cream
chicken,butter,lemon,head garlic,amaretto liqueur
angel hair pasta,flour,salt,medium shrimp,butter,honey,almond,amaretto liqueur
fluid amaretto,fluid lemon juice,ice,slice
fluid amaretto liqueur,fluid juice,fluid mix
potatoe,vegetable oil,cheddar cheese,cheese,slice bacon,slice pepper,ranch
chunk chicken,chili bean,mexican-style tomatoe,jar pepper,onion,bell pepper,chili powder,ground cumin,water,chicken broth,salt taste
slice bacon,onion,garlic,pepper flake,tomatoe,linguine pasta,basil,parmesan cheese
chicken broth,minute,egg,crabmeat,seafood,butter margarine,lemon wedge
balsamic vinegar,juice,pineapple juice,oil,ground pepper,garlic powder,onion,pepper sauce taste,thyme
sugar,flour,ground cinnamon,soda,egg,vegetable oil,vanilla,walnut,apple
jar artichoke heart,onion,salad,mayonnaise,cream,cheese,mozzarella cheese,parmesan cheese,garlic powder,salt pepper taste,box spinach
asparagus,water chestnut,baby pea,cream mushroom soup,cheddar cheese,butter,loaf bread,parmesan cheese
quart vegetable oil,medium shrimp,pepper,slice bacon,toothpick
sugar,water,banana
water,rice,onion,celery,cranberrie,balsamic vinaigrette salad,sugar
butternut squash-,mayonnaise,onion,egg,sugar,salt pepper taste,saltine cracker,parmesan cheese,butter
salt pepper taste,mayonnaise,bread crumb
ketchup,lemon juice,chile-garlic sauce sriracha,horseradish,sauce
milk,sugar,egg,coconut,vanilla,butter,mix
cream-style corn,sugar,egg,vegetable oil,powder,flour,soda,salt,ground cinnamon,raisins,walnut
pasta shell,neufchatel cheese,imitation crabmeat,shrimp,onion,stalk celery,mayonnaise,sugar,salt,ground pepper,lemon juice
firm tofu,lemon juice,soy sauce,cornstarch,bread crumb,medium shallots,bunch onion,vegetable oil,champagne vinegar,sugar,chili oil,salad green,cucumber,medium tomato
cheese cracker cheez-it,onion,bread crumb,sesame,salt ground pepper taste,mayonnaise
coconut,butterscotch chip,semisweet chocolate chip,peanut,almond,milk
onion,oil,clove garlic,tomatoe,tomato sauce,caper,kalamata olive,balsamic vinegar,salt pepper taste,pepper taste,feta parmesan
barbeque sauce,butter,onion,clove garlic,pepper,tomato paste,chili powder,ancho chile powder,ground cumin,ground ginger,vanilla,sugar,pineapple chunk,kidney bean,bean,tomatoe,jar chipotle salsa,salt pepper taste
butter,wine,lemon juice,cream,salt pepper taste,nbsp,farfalle bow tie pasta,oil,flour,bacon,mushroom,artichoke heart,caper,parsley garnish
flour,sugar,powder,soda,salt,butter,milk,lemon juice,lemon zest,vinegar,confectioner sugar,vanilla,water
olive,artichoke heart,onion,stalk celery,clove garlic,caper,brine,salt ground pepper taste
butter,garlic,shallots,beef broth,pepper,chili pepper,tomatoe,basil,wine,cornstarch,light cream,mussel
potatoe,oil,salt,pepper
matzo,butter,sugar,semisweet chocolate chip,pecan
milk,vanilla,flour,powder,crunchy peanut butter jif crunchy,sugar,egg,peanut butter chip,bag semisweet chocolate chip
flour,salt,powder,butter,cream,sugar,egg,vanilla,nbsp,pecan,ground cinnamon
boneless pork chop,pinch salt ground pepper taste,slice tomato -inch,basil,oregano,clove garlic,oil,slice mozzarella cheese
butter,boneless pork chop,salt,ground pepper,wine,cream,mushroom
pork tenderloin,envelope onion soup mix,water,wine,garlic,soy sauce,ground pepper taste
pork baby rib,pinch pepper,pinch salt,barbecue sauce,bottle porter beer
mushroom,shrimp,chive onion cream cheese,sauce,pinch garlic powder,dash louisiana-style sauce,cheese
firm tofu,onion,oil,sesame oil,soy sauce,ginger root,peanut butter,coconut,sesame seed
sugar,flour,cocoa powder,soda,powder,salt,egg,milk,vegetable oil,vanilla,water
vegetable,flour,cream chicken soup,salt,pepper,nbsp,chicken broth,sugar,juice
marinade,cilantro,clove garlic,chile pepper,lime zest,salt,onion powder,ground pepper,chipotle chile powder,oil,chicken breast tenderloin strip,nbsp,salsa,medium tomato,onion,sea salt,lime juice,vegetable,onion -inch slice,bell pepper,garlic,lime mayonnaise,mayonnaise,slice bread,mango,slice cheese
oil,sesame oil,parsley,sauce,garlic,ketchup,chile paste,salt,pepper,lemon juice,shrimp,skewers
clove garlic,nbsp,spinach,artichoke heart,butter,mushroom,onion,cream cheese,cream,water chestnut,parmesan cheese,mayonnaise,garlic salt,lemon juice,onion ring
flour,soda,powder,butter,sugar,egg,vanilla
cream,butter,mozzarella cheese,parmesan cheese,tomatoe,salt pepper taste,pine nut
potatoe,butter room temperature,cream cheese room temperature,milk,cream,salt ground pepper taste
oil,onion,clove garlic,pinch pepper flake,half-and-half cream,clam,parmesan cheese,linguine pasta
sugar,water,yeast,oil,salt,wheat flour,flour
applesauce,sugar,egg white,butter,buttermilk,vanilla,coffee,cocoa powder,flour,wheat pastry flour,powder,salt,walnut,chocolate chip
flour,sugar,soda,powder,salt,margarine,buttermilk,egg,butter
milk,clove,vanilla,ground cinnamon,egg yolk,sugar,light rum,light cream,ground nutmeg
bay sea scallop,lemon juice,clove garlic,lemon pepper taste
peanut,vegetable oil,honey
flour,sesame seed,pepper,five-spice powder,pepper flake,vegetable oil,onion,bell pepper,teriyaki sauce,honey
zucchini,egg substitute,sugar,vegetable oil,vanilla,flour,salt,soda,ground cinnamon,ground nutmeg,powder
sugar,cake flour,powder,salt,milk,coconut,vanilla,egg white,nbsp,cornstarch,butter,egg yolk,zest,juice,lemon juice,light corn syrup,water,almond
flour,powder,soda,salt,butter,sugar,egg,vanilla,oat,walnut,coconut
coconut,walnut,fruit cocktail,pineapple chunk,mandarin orange,marshmallow,jar maraschino cherrie,ground nutmeg,ground cinnamon
mandarin orange,pineapple,banana,coconut,marshmallow,pecan piece,maraschino cherrie
water,peanut butter candy,honey,salt,milk powder,bread flour,yeast
panko bread crumb,coconut,yogurt,almond,marmalade,pineapple
cucumber,cream,sprigs mint,clove garlic,lemon juice,oil,salt,ground pepper
elbow macaron,tuna,stalk celery,onion,baby pea,mayonnaise,pickle relish,salt pepper taste,egg,pinch paprika
butter,sugar,light sugar,egg,vanilla,flour,salt,soda,semi-sweet chocolate chip,chocolate chip,milk chocolate chip
light sugar,sugar,flour,lemon juice,ground cinnamon,raisins,recipe pastry inch crust pie,egg
bacon,onion,egg,southern-style hash potatoe,cheddar cheese,curd cottage cheese,cheese,bell pepper,chilie
medium shrimp,imitation crabmeat,tomatoe,avocado,cucumber,onion,bunch cilantro,lime,pepper,clove garlic,bottle tomato clam juice cocktail,salt ground pepper taste
ground beef,celery,onion,tomatoe,spaghett sauce
elbow macaron,ground beef,onion,tomato soup,salt pepper taste
butter,onion,sherry,sherry vinegar,chicken broth,beef broth,sprigs thyme,salt ground pepper taste,slice bread,extra-sharp cheddar cheese,cheese
potatoe,onion,vegetable oil,egg,ham,salt pepper taste,cheddar cheese
reduced-calorie margarine,flour,powder,sugar,milk,peache juice
ground beef,onion,clove garlic,basil,oregano,sugar,salt,tomatoe,tomato paste,lasagna noodle,egg,pint part-skim ricotta cheese,parmesan cheese,parsley,mozzarella cheese
jasmine rice,vegetable oil,clove garlic,broccol floret,cauliflower floret,onion,carrot,cabbage,water chestnut,soy sauce,water,chili sauce
potatoe,egg,mayonnaise,onion,bell pepper,stalk celery,salt,ground pepper
ground beef,onion,celery,vegetable soup,thyme,potatoe,longhorn cheese
ground turkey,onion,salt ground pepper taste,pinch garlic powder,taco shell,avocado,cream,pico gallo,cheese
fusilli pasta,mayonnaise,cream,milk,salad mix,pea,olive,genoa salam,onion,celery,parsley
oil,kidney bean,tomato sauce,water,oregano,basil,pinch thyme,salt pepper taste,adobo,rice
gratin instant potato mix,cocktail wiener,milk,cream mushroom soup,margarine butter,cheddar cheese,ham,mushroom,cream cheese,chive,onion
bread flour,canola oil,yeast,sugar,salt,water
flour,sugar,powder,egg,vanilla,pineapple juice,walnut
ground beef,tomato soup,sugar,pepper,salt,cream chicken soup,egg noodle,slice cheese
friendship,vegetable oil,sugar,egg,vanilla,soda,powder,instant vanilla mix,flour,ground cinnamon,pecan,raisins
medium head cabbage,medium onion,splenda calorie,vinegar,salt,celery,mustard,vegetable oil
butter,vegetable oil,sugar,confectioner sugar,egg,vanilla,flour,soda,cream tartar
banana,friendship footnote recipe link,egg,milk,sugar,walnut,powder,soda,salt,flour
friendship,vegetable oil,egg,flour,sugar,ground cinnamon,salt,soda,powder,vanilla
friendship,vegetable oil,applesauce,sugar,vanilla,egg,milk,flour,powder,soda,salt,ground cinnamon,instant vanilla mix,walnut,raisins,date
flour,sugar,powder,soda,ground cinnamon,salt,friendship,egg,vegetable oil,vanilla,walnut,apple
yeast,water,flour,sugar,milk
yeast,fluid water,sugar,vinegar,salt,flour,milk,starter,vegetable oil,powder,soda,egg,vanilla,walnut
flour,salt,powder,potatoe,vegetable oil,egg,onion
elbow macaron,egg,onion,stalk celery,bell pepper,dill pickle relish,salad,mustard,sugar,vinegar,salt,celery
ground beef,cracker,onion,egg,ketchup,sugar,slice bacon,vinegar,salt,mustard
raisins,peanut,flour,powder,salt,ground nutmeg,ground cinnamon,sugar,oat,soda,buttermilk,molasses,egg
light corn syrup,peanut butter,marshmallow creme
elbow macaron,egg,celery,onion,carrot,mayonnaise,mustard,vinegar,milk,sugar,salt
medium potatoe skin,onion,celery,carrot,egg,nbsp,sugar,cornstarch,salt,apple cider vinegar,milk,mustard,butter,mayonnaise salad
milk,sauerkraut,sugar,egg,vanilla,salt,inch pie shell
medium head cabbage,medium onion,sugar,vinegar,salt,celery,mustard,vegetable oil
buttermilk pancake mix,water,friendship
butter,sugar,egg,vanilla,flour,powder,soda,cream tartar,pinch salt,buttermilk
vegetable oil,sugar,egg,flour,soda,powder,buttermilk,salt,vanilla
water,sugar,yeast,salt,vegetable oil,bread flour
ground beef,onion,celery,garlic,cheddar cheese,egg noodle,cream chicken soup
sugar,salt,butter,vanilla,egg,flour,powder,milk
head cauliflower,oil,ground cumin,vegetable stock,water,salt ground pepper taste
head leaf lettuce,tomato,bunch cilantro,kernel corn,bean,onion,barbeque sauce
flour,soda,margarine,sugar,light sugar,vanilla,instant vanilla mix,egg,semisweet chocolate chip
cream cheese,cream,tomatillo salsa,ground pepper,celery salt,ground cumin,garlic powder,bunch cilantro,lime juice
bean,corn,bell pepper,onion,parsley,cream,mayonnaise,wine vinegar,ground cumin,chili powder,salt,garlic powder,ground pepper
lemonade,water,cucumber
ground turkey,garlic powder,pepper flake,onion,egg,cheese cracker
egg yolk,clove garlic,butter,bread crumb,parmesan cheese,parsley,garlic powder,salt,ground pepper
strawberrie,blueberrie,banana,juice,yogurt,soy milk powder
mayonnaise,milk,vinegar,sugar,salt ground pepper taste,kidney bean,egg,bell pepper,onion
tray ice cube,water,sugar,lemon
chocolate graham cracker,butter,nbsp,square semisweet chocolate,cream cheese,sugar,vanilla,egg
tomatoe,tomatoe chile pepper,oil,medium onion,garlic,fluid chicken broth,kidney bean,bean,cayenne pepper taste,chili powder taste,cheddar cheese,cream
bean,salt,sausage,potatoe
ground pork sausage,apple pie,inch pie crust,cheddar cheese
salad,apple,lemon juice,head romaine lettuce,avocado,feta cheese,strawberrie,cranberrie,balsamic vinaigrette
water,rice,bean,pepper,ground cumin,chili powder,pepper taste,cheddar cheese,onion,olive
spray,cream chicken soup,greek-style yogurt,milk,onion dip mix,parsley,garlic powder,ground pepper,salt,ground cayenne pepper,bite-size potato nugget tater tots,broccol,cheddar cheese
slice bread,mayonnaise,lettuce,tomato,slice turkey bacon,slice cheddar cheese
potatoe,mayonnaise hellmann foods,cream,wine vinegar,sugar,onion,celery,egg,salt ground pepper taste
water,butter,molasses,yeast,flour,salt
vegetable oil,chile pepper,leek,clove garlic,salt pepper taste,chicken broth,tomatoe,ground cumin,halibut fillet,lime,corn tortilla
butter,lime juice,cilantro,steak,ancho chile powder,venison steak
mustard,honey,ancho chile powder,garlic powder,rice wine vinegar
tomatoe,pepper,chipotle chile adobo sauce,inch piece ancho chile pepper,clove garlic,onion,cilantro,lemon juice,salt,sugar,ground cumin
bay,egg,ricotta cheese,honey,zest,lemon juice,flour
ground beef,mushrooms-stems,margarine,bell pepper,garlic,parsley,basil,bread crumb,cheddar cheese
butter spray,clove garlic,mushroom,garlic salt,egg,inch flour tortilla,cheese,tomatoe,alfalfa sprout
margarine,andouille sausage,bell pepper,mushroom,onion,chicken broth,milk,lemon pepper,garlic powder,cornstarch,water,linguine pasta
canola oil,andouille sausage link,poblano chile,bell pepper,onion,corn kernel,flour tortilla,cheese,cream,salsa
yard sausage,pork meat,pork,garlic,salt,ground pepper,cayenne pepper,thyme,ground paprika,bay leaf,sage,smoke
oil,onion,celery,bell pepper,clove garlic,cayenne pepper,andouille sausage,corn kernel,bay,thyme,low-sodium chicken broth,potatoe,cream,salt ground pepper taste,cilantro
light mayonnaise,cheese,sugar,oil,stone-ground mustard,wine vinegar,pepper flake,onion powder,celery salt,head cabbage,carrot,broccol floret,raisins
oil,onion,clove garlic,tomato sauce,water,parsley,basil,oregano,salt,cannellini bean,navy bean,parmesan cheese,ditalini pasta
juice,reduced-sodium soy sauce,oil,rosemary,onion,thick-cut boneless center pork chop
canola oil,butter,bell pepper,onion,clove garlic,mint,parsley,rosemary,lemon zest,ground coriander,arborio rice,wine,chicken stock,salt pepper taste,lemon juice,parmesan cheese
vegetable oil,chicken wing,butter,sauce,garlic,pepper,chile pepper,habanero pepper,wax pepper,salt pepper taste
onion,salt pepper taste,pork shoulder roast,jar salsa frontera,cilantro,serrano chile pepper
flour,sugar,powder,soda,salt,yeast,water,buttermilk,butter
flour,sugar,powder,salt,water,yeast,buttermilk
yeast,water,buttermilk,flour,powder,soda,salt,sugar
inch tube pan angel food cake,strawberry jell-o,peache,banana,instant vanilla mix,pineapple
butter,salad mix,wine,mushroom soup,cream cheese chive,angel hair pasta
sugar,egg,vanilla,flour,powder,soda,cream tartar,milk,semisweet chocolate chip
butter,lard,sugar,salt,egg,vanilla,flour,soda,cream tartar,walnut
flour,confectioner sugar,salt,vanilla,walnut
butter,sugar,egg,vanilla,flour,cream tartar,soda,salt,sugar decoration
chicken,parsnips,carrot,bunch celery,onion,bunch dill,bunch parsley,water,egg,vegetable oil,matzo,quart chicken stock,rotisserie chicken,salt pepper taste
cake flour,sugar,salt,egg white,cream tartar,vanilla,almond
cake flour,confectioner sugar,egg white,salt,cream tartar,vanilla,almond,sugar,butter,cream
cake flour,sugar,egg white,vanilla,cream tartar,salt
confectioner sugar,cake flour,egg white,salt,cream tartar,vanilla,almond,sugar
sugar,corn syrup,vinegar,soda,chocolate confectioner
angel food cake mix
blueberrie,angel food cake,strawberrie,peach slice,raspberries,tub
angel hair pasta,extra-virgin oil,link sausage link,butter,onion,clove garlic,bell pepper,stir-fry vegetable,sea salt,ground pepper,middleneck clam,mussel,medium shrimp,bay scallop,parsley
oil,angel hair pasta,carrot,broccol floret,clove garlic,chicken broth,basil,parmesan cheese
angel hair pasta,bay shrimp,onion,ranch-style salad
angel hair pasta,butter,flour,milk,cream,pesto,parsley,clove garlic,parmesan cheese,salt,ground pepper,dash sauce,broccol floret,shrimp
oil,garlic,bell pepper,water chestnut,sugar pea pod,slice del chicken,onion powder,ground pepper,pinch salt,chicken broth,angel hair pasta
oil,angel hair pasta,garlic,shrimp,tomatoe,wine,parsley,basil,parmesan cheese
angel hair pasta,oil,clove garlic,tomatoe,tomato basil feta cheese,parmesan cheese,bunch cilantro,salt pepper taste
egg white,sugar,corn syrup,water,cream tartar,salt,vanilla
angel food cake mix,jell-o vanilla flavor,pineapple juice,whip,strawberrie
egg white,cream tartar,sugar,egg yolk,lemon zest,lemon juice,cream
butter,cream cheese,milk,sugar,apricot,flour,powder,ground cinnamon,salt,pecan,nbsp,confectioner sugar,coconut
chocolate chip,bag corn puff snack
lime jell-o mix,water,cream cheese,pineapple,jar pimento pepper,celery,pecan,cream
margarine,onion,mushroom,cream mushroom soup,cheese spread,shrimp,angel hair pasta
butter,confectioner sugar,flour,lemon zest,salt,nbsp,egg,sugar,lemon juice
tortellini pasta,slice ham,pea,mushroom,jar alfredo-style pasta sauce
bone-in chicken thigh skin,water,milk,butter,potatoe,cream chicken soup,flour
cream chicken soup,cream,chili powder,butter,onion,chilie,taco mix,bunch onion,water,lime juice,onion powder,garlic powder,inch flour tortilla,cheddar cheese,enchilada sauce,olive
salad,bread crumb
water,chicken ramen noodle,chicken breast,bok choy,carrot,sesame oil
potatoe,water,cheese food,butter,ranch-style mix,milk
egg,ranch,salad whip,pickle relish,mustard,celery,ground pepper taste,paprika
asada beef steak,clove garlic,salt,pepper,balsamic vinegar,lime juice,juice,basil,honey,oil,medium onion inch,nopale cactu,corn tortilla,bunch cilantro,onion,jar herdez salsa casera,jar herdez salsa
stalk celery,mayonnaise,onion,dill pickle,garlic powder,salt pepper taste
vegetable oil,flour,garlic powder,salt,pepper,beef chuck,onion,potatoe,carrot,stalk celery,beef broth,water
oyster,slice bacon,salt,ground pepper,paprika,parsley
angel hair pasta,garlic,oil,zucchini,salt pepper taste,tomatoe,basil,mozzarella cheese
cheese ravioli,butter,mushroom,clove garlic,sauce,parmesan cheese,onion,pepper flake taste
tomatoe,onion,clove garlic,basil,oregano,pinch salt,pinch ground pepper,mozzarella cheese
soy sauce,wine,sesame oil,garlic,ginger root,cilantro
medium head cabbage,onion,carrot,stalk celery,sugar,vinegar,vegetable oil,salt,mustard,pepper taste
milk,yeast,sugar,egg,butter,salt,flour
ground beef,tomato sauce,jar pasta sauce,polenta,cottage cheese chive,mozzarella cheese
flour,soda,salt,butter room temperature,vegetable,sugar,banana,egg,buttermilk,cream,vanilla
andouille sausage,onion,clove garlic,bell pepper,rotisserie chicken,bottle barbeque sauce,water,cilantro
fluid,fluid cinnamon schnapps,fluid beverage
mixture,progresso cannellini bean,extra-virgin oil,progresso chicken broth,lemon juice,flat-leaf parsley,nbsp,flour,chili powder,sea salt salt,ground pepper,egg,progresso panko bread crumb,shrimp mixture,shrimp,clove garlic,serrano chile,basil
bean,cream mushroom soup,salt pepper taste,jar bacon cheese spread,cheddar-flavored onion
oat,flour,soda,salt,butter,honey,buttermilk
sugar,butter,egg,flour,powder,salt,brandy,anise,vanilla,almond
rye flour,soda,salt,buttermilk,sugar,light corn syrup,molasses,egg,anise,butter
egg,confectioner sugar,lemon zest,cake flour,powder,anise oil
egg,confectioner sugar,pinch salt,vanilla,flour,ground anise,water
egg,sugar,flour,powder,cream tartar,anise
anise,rum,butter,sugar,vanilla,flour,egg,salt,powder,ground clove
milk,envelope yeast,quart water,sugar,egg,salt,anise seed,flour
flour,anise,salt,sugar,egg,drop anise oil,confectioner sugar
butter,sugar,vanilla,egg,powder,flour,anise,walnut,nbsp,egg yolk
flour,powder,soda,salt,butter,sugar,egg,anise
cream celery soup,onion soup,cream,meatball,egg noodle,butter
slice bacon,beef stew meat,lamb stew meat,pork stew meat,butter,onion,bulb garlic,flour,seed,paprika,pepper flake,wine vinegar,tomatoe,beef stock,fluid bottle beer,salt,water,bell pepper,potatoe,parsnip,stalk celery,carrot,bread crumb,medium head cabbage,pea
butter,sugar,vanilla,egg,flour,soda,salt,semisweet chocolate chip
milk,flour,sugar,vanilla,egg,inch pie crust,pinch ground nutmeg
milk,salt,flour,water,egg
slice bacon,onion,clove garlic,linguica sausage,potatoe,zucchini,tomato sauce,wine,parsley,basil,salt pepper taste
butter,flour,sugar,nbsp,egg,powder,lemon juice
vegetable oil,soy sauce,sauce,lemon,ginger root,honey,basil,shallots,salmon fillet
ground beef,ground pork,chili powder,oregano,clove garlic,salt,wine,vinegar
del ham,cream cheese,cream mushroom soup,cream celery soup,cheese,loave cocktail rye bread
medium potatoe,onion,egg,flour,powder,rosemary,salt,ground pepper,lime juice,vegetable oil
sugar,butter,gold rum gold,molasses,mustard,cider vinegar,salt pepper taste
sugar cube,dash bitter angostura,fluid
kiwi,apple,raspberries,strawberrie,sugar,fruit,nbsp,inch flour tortilla,butter spray,cinnamon sugar
oil,onion,wine,sherry,flour,tomato paste,chicken broth,milk,cayenne pepper,ground pepper,seafood bay,sauce,lobster claw
butter,flour,pecan,cream cheese,confectioner sugar,quart strawberrie,jar ready-to-use strawberry glaze
egg,turkey meat,jar pickle,jar mustard-mayonnaise blend,mayonnaise
cake flour,powder,salt,egg white,sugar,milk,vanilla
vegetable oil,teriyaki sauce,ranch-style salad,cheddar cheese,onion,bacon bit,parsley
ground beef,onion,bell pepper,beef bouillon granule,salt,ground pepper,water,rice
grapefruit,navel,apple,pineapple chunk,jar maraschino cherrie,grape,banana,coconut,walnut,sugar
chicken bouillon granule,water,butter,piece vermicelli pasta,grain rice,ground pepper,salt
butter,onion,stalk celery,clove garlic,flour,shrimp,mushroom,paprika,salt taste,ground pepper taste,pepper taste
ground beef,egg,bread crumb,ketchup,monosodium glutamate msg,water,onion soup mix,slice bacon,tomato sauce
pasta,pasta shell,oil,butter,parmesan cheese,parsley,nbsp,chicken,clove garlic,salt pepper taste,egg,milk,bread crumb,lime,wine,tomatoe
cauliflower,pearl onion,bell pepper,celery,cucumber,carrot,vegetable oil,vinegar,tomato paste,spice,olive,mushroom,tuna
seashell pasta,genoa salam,pepperon sausage,asiago cheese,olive,bell pepper,tomatoe,salad mix,oil,balsamic vinegar,oregano,parsley,parmesan cheese,salt ground pepper taste
head iceberg lettuce,garlic powder,oregano,bottle salad,ham,provolone cheese,genoa salam,capacola sausage,pepperon sausage,prosciutto,roast beef,mushroom,artichoke heart,jar pepper,olive,pepperoncini pepper,jar olive,gorgonzola cheese,mozzarella cheese,parmesan cheese
vegetable oil,wine vinegar,clove garlic,basil,pepper flake,salt,macaron,parmesan cheese,broccol floret,pepperon sausage,tomatoe,mozzarella cheese
genoa salam,sopressata salam,provolone cheese,mozzarella cheese,tomatoe,artichoke,jar pepper,kalamata olive,olive,extra-virgin oil,wine vinegar,pepper,nbsp,basil
clove garlic,balsamic vinegar,oil,basil,ground pepper,dole,jar artichoke heart,broccol floret,light mozzarella cheese,onion,strawberry tomatoe,olive,light salam,medium bell pepper
havarti cheese,clove garlic,oil,parsley,salt pepper taste,jar mushroom cap,slice cocktail rye bread
crescent dinner roll,ham,provolone cheese,cheese,genoa salam,pepperon sausage,jar pepper,egg,parmesan cheese,ground pepper
inch flour tortilla,cheddar cheese,cheese,tomato,bell pepper,onion,bean,salsa,chili powder
stalk celery,peanut butter,raisins
flour,soda,pinch salt,butter,sugar,light sugar,egg,banana,buttermilk,walnut
whole-milk yogurt,milk,almond
sugar,cornstarch,corn syrup,water,butter,salt
almond,oil,clove garlic,sprig rosemary,salt use table salt
ground sirloin beef,chili bean,pinto bean,kidney bean,paste
cottage cheese,jell-o mix,mandarin orange,pineapple chunk
oat,coconut,flour,soda,sugar,butter,syrup,water
oat,flour,almond,sugar,butter,soda,syrup,water
flour,oat,sugar,coconut,macadamia nut,water,honey,soda,butter
raisins,water,butter margarine,sugar,egg,almond,milk,flour,salt,powder,apple
flour,milk,sugar,yeast,butter,vanilla,pinch salt,apple,lemon,ground cinnamon,ground nutmeg
box tagliatelle pasta,oil,cream,cheese,garlic powder,lemon juice,pinch salt,pinch ground pepper,pinch ground nutmeg,pinch oregano,pinch basil,walnut
clove garlic,balsamic vinegar,extra-virgin oil,pepper flake,rosemary,pinch salt pepper
cabbage,tomato,cucumber,onion,sugar,salt,ground pepper,mayonnaise
egg,mayonnaise,ground pepper,cheddar cheese,onion
wine,tomato clam juice cocktail,clove garlic,pepper flake,mussel,butter
loaf bread,parmesan cheese,cheese,clove garlic,parsley,oil,chile pepper
salad green,almond,feta cheese,apple,onion,raisins,vinaigrette salad
barbeque sauce,applesauce,baby pork rib,salt pepper taste,cayenne pepper taste,garlic powder taste
apple juice,sugar,mustard,beef briskets spice packet,potatoe,carrot,onion,head cabbage
carrot,apple,raisins,bread crumb,flour,powder,ground cinnamon,soda,salt,ground nutmeg,ground allspice,butter,sugar,egg
pizza crust mix,water,oil,feta cheese,onion,thyme,butter,apple,ground pepper taste
apple,water,sugar,lemon,honey
bread cube,raisins,butter,onion,celery,clove garlic,apple,parsley,salt,paprika
bread cube,raisins,butter,onion,celery,clove garlic,apple,parsley,salt,paprika
onion soup mix,bone-in chicken breast halve,cream chicken soup mix,soy sauce,clove garlic,apple juice,juice,salt pepper taste
oat,flour,sugar,butter,apple,pear,ground cinnamon,almond
margarine,apple,pear,vegetable broth,sage,ground pepper,bay leaf,ginger,parsley
bread mix,pecan,apple
vegetable oil,boneless pork shoulder,flour,butter,onion,clove garlic,shallot,thyme,rosemary,basil,salt,ground pepper,potatoe,wine,beef broth,apple
apple,apple pie spice,slice prosciutto,butter,flour,milk,dash ground pepper
gram packet sugar substitute,pumpkin pie spice,apple,pumpkin,water
butter,apple,wine,sugar,ground cinnamon,vanilla,raisins
flour,soda,salt,ground cinnamon,ground clove,ground nutmeg,sugar,apple juice,walnut,apple,raisins
boneless pork roast,applesauce,sugar,vinegar,mustard,ground clove,flour,salt,garlic powder,ground pepper
apple,sunflower seed,head romaine lettuce,dill pickle,tomatoe,ranch-style salad
baby green,onion,walnut,cheese,lemon zest,apple,avocado,mandarin orange,lemon,clove garlic,oil,salt taste
slice bacon,oil,onion,garlic,beef stock,pinto bean,tomatoe,stalk celery,bay leaf,medium apple,wine,salt pepper taste
flour,soda,salt,ground cinnamon,ground nutmeg,sugar,egg,vanilla,buttermilk,banana,apple
banana,juice,apple,milk
butter,sugar,egg,flour,soda,ground cinnamon,apple,walnut
crust,butter,sugar,vanilla,flour,nbsp,mixture,cream cheese,egg,apple,ground cinnamon,almond
apple,juice,flour,sugar,ground cinnamon,ground nutmeg,pinch salt,butter
apple,balsamic vinaigrette salad,cheese,pecan,slice turkey bacon,romaine lettuce
bran flake,flour,sugar,ground cinnamon,powder,apple juice,margarine,vanilla,apple
spray,flour,soda,salt,walnut,apple,vegetable oil,sugar,egg,ground cinnamon
egg,applesauce,vanilla yogurt,splenda calorie,splenda,oat,ground cinnamon,bread cube,apple,inch inch pie crust,flour,butter
butter,sugar,egg,flour,soda,salt,ground cinnamon,ground clove,apple
cream cheese,sugar,vanilla,toffee bit,apple,lime juice,lemon juice
quart apple juice,gallon water,salt,clove garlic,ice cube
butter,sugar,egg,medium apple,walnut,flour,salt,powder,soda,ground cinnamon
apple,sugar,ground cinnamon,nbsp,flour,powder,salt,vegetable oil,juice,vanilla,egg,walnut,confectioner sugar
cake,crisco flour no-stick spray,pillsbury cake,smucker cider butter,cream,crisco vegetable,water,egg,ground cinnamon,ground ginger,ground allspice,nbsp,sugar,best flour,butter margarine,pecan,frosting,vanilla instant mix,pineapple
butter,flour,sugar,egg,apple butter,soda,apple pie spice,raisins,confectioner sugar,vanilla,milk
butter,egg yolk,pecan,vanilla,sugar,flour,wheat germ,salt,apple butter
flour,soda,powder,salt,ground nutmeg,ground clove,butter,sugar,egg,apple butter,raisins,walnut
light cream cheese,apple butter,vanilla,pinch ground cinnamon
apple butter,juice,onion flake,sauce
apple,sugar,ground cinnamon,ground clove,salt
jar applesauce,sugar,vinegar,ground clove,ground cinnamon
jar applesauce,apple juice,sugar,ground cinnamon,ground clove,ground nutmeg
boneless pork loin roast,salt taste,apple juice,apple butter,sugar,water,ground cinnamon,ground clove
pumpkin puree,apple butter,sugar,ground cinnamon,ground nutmeg,salt,egg,milk,inch dish pie crust,nbsp,streusel,butter,flour,pecan
sugar,ground cinnamon,ground nutmeg,pecan,nbsp,flour,powder,soda,salt,butter,apple butter,vanilla,bran wheat germ,cream,egg
flour,oat,sugar,butter,apple,cashew,butterscotch chip
sugar,butter,apple,egg,flour,salt,soda,ground nutmeg,ground cinnamon,cream,vanilla
egg,vegetable oil,sugar,flour,ground cinnamon,soda,salt,vanilla,apple
flour,butter,ground cinnamon,ground nutmeg,walnut,raisins,apple,egg,pineapple juice,lime zest
cake mix,egg,apple pie,sugar,flour,butter,ground cinnamon,walnut
sugar,egg,ground cinnamon,ground nutmeg,salt,soda,flour,water,apple,raisins,walnut
apple,flour,salt,ground cinnamon,powder,egg,sugar,vegetable oil,vanilla,walnut,nbsp
flour,salt,sugar,soda,vegetable oil,vanilla,egg,apple,walnut,nbsp,milk,butter
apple,sugar,ground cinnamon,vegetable oil,egg,flour,powder,vanilla,juice
flour,soda,salt,ground cinnamon,butter,sugar,egg,vanilla,apple
apple,sugar,water,egg,margarine,flour,soda,ground cinnamon,salt,raisins,walnut,nbsp,confectioner sugar,vanilla
box hines caramel cake,egg,sugar,light corn syrup,butter,oat,peanut half
box hines caramel cake,butter,egg,flour,water
marzetti caramel,cream cheese,flour,egg,vanilla,medium apple,crust ingredient,oat,sugar,butter
cream,milk,applesauce,caramel sauce,butter,vanilla,salt
butter,loaf bread,apple,sugar,ground cinnamon,lemon juice,nonstick spray
sugar,flour,ground cinnamon,walnut,egg,margarine,apple,cheddar cheese,milk
flour,salt,butter,cheddar cheese,ice water,vinegar,nbsp,apple,lemon juice,sugar,ground cinnamon,egg
cheddar cheese,apple,boneless pork loin chop,vegetable oil,wine vinegar,water,flour
carton cottage cheese,apple,lemon juice,cream cheese,sugar,egg,vanilla,puff pastry,nbsp,sugar decoration
cream cheese,inch pizza crust,apple,cheddar cheese
butter,sugar,honey,egg,wheat flour,flour,powder,soda,salt,apple,cheese,walnut
crust,butter,graham cracker crumb,sugar,nbsp,cream cheese,egg,sea salt,leaf,caramel sauce,crystal sea salt
oil,link apple-chicken sausage,potatoe,stalk celery,onion,bell pepper,clove garlic,salt ground pepper taste,grape,cream cheese,cheese,rosemary,sheet puff pastry,almond
apple,onion,inch piece ginger root,wine vinegar,sugar,cinnamon,pepper,ground cardamom,ground nutmeg
wine,extra-virgin oil,lemon juice,apple cider vinegar,basil,parsley,rosemary,thyme,clove garlic,pepper,salt
vanilla ice cream,apple cider
doughnut,flour,envelope rapidrise yeast,sugar,salt,spice islands,milk,butter margarine,egg yolk,mazola corn,nbsp,cider,apple cider,karo corn syrup
pancake mix,apple cider,ground cinnamon,ground nutmeg,sugar,vanilla,walnut,butter spray
jif peanut butter,rice vinegar,smucker cider butter,sodium soy sauce,gingerroot,garlic,cilantro
oil,pork loin chop,salt taste,pepper taste,garlic powder taste,poultry,sauce,apple cider,sherry
beef stew meat,flour,salt,ground pepper,thyme,vegetable oil,apple cider,carrot,potatoe,apple,onion,water,celery
potatoe,apple cider,salt,butter,pinch ground pepper
quinoa,water,apple juice,ground cinnamon,apple,agave syrup
butter margarine,light sugar,flour,oat,walnut,ground cinnamon,cream cheese,eagle brand milk milk,egg,apple juice,medium apple,nbsp,butter,cornstarch
egg yolks,eagle brand milk milk,applesauce,ground cinnamon,cream
flour,wheat flour,no-calorie sucralose sweetener,salt,powder,ground cinnamon,applesauce,egg,milk,apple,nbsp,oat
water,apple juice,apple,oat,ground cinnamon,milk
butter,sugar,applesauce,ground cinnamon,packet instant apple cinnamon size,egg,soda,flour
apple cinnamon granola,flour,sugar,egg,salt,vanilla,soda
smucker finest,jif peanut butter,wheat pretzel
flour,powder,salt,sugar,egg,vegetable oil,juice,vanilla,walnut,apple,hershey,confectioner sugar
flour,powder,soda,salt,ground nutmeg,ground cinnamon,soy milk,vanilla,butter margarine,apple,cranberrie,coconut
flour,powder,sugar,vegetable oil,egg,juice,apple,ground cinnamon